2002.04.03 00:54 B C:\Documents and Settings\Oliver\Desktop\movingin\images\home.gif --> ftp.addr.com /usr13/home/oliverts/public_html/pics/college/movingin/images home.gif
2002.04.03 00:54 B C:\Documents and Settings\Oliver\Desktop\movingin\images\IM002636.jpg --> ftp.addr.com /usr13/home/oliverts/public_html/pics/college/movingin/images IM002636.jpg
2002.04.03 00:54 B C:\Documents and Settings\Oliver\Desktop\movingin\images\IM002637.jpg --> ftp.addr.com /usr13/home/oliverts/public_html/pics/college/movingin/images IM002637.jpg
2002.04.03 00:54 B C:\Documents and Settings\Oliver\Desktop\movingin\images\IM002638.jpg --> ftp.addr.com /usr13/home/oliverts/public_html/pics/college/movingin/images IM002638.jpg
2002.04.03 00:54 B C:\Documents and Settings\Oliver\Desktop\movingin\images\IM002639.jpg --> ftp.addr.com /usr13/home/oliverts/public_html/pics/college/movingin/images IM002639.jpg
2002.04.03 00:54 B C:\Documents and Settings\Oliver\Desktop\movingin\images\IM002640.jpg --> ftp.addr.com /usr13/home/oliverts/public_html/pics/college/movingin/images IM002640.jpg
2002.04.03 00:54 B C:\Documents and Settings\Oliver\Desktop\movingin\images\IM002641.jpg --> ftp.addr.com /usr13/home/oliverts/public_html/pics/college/movingin/images IM002641.jpg
2002.04.03 00:54 B C:\Documents and Settings\Oliver\Desktop\movingin\images\IM002644.jpg --> ftp.addr.com /usr13/home/oliverts/public_html/pics/college/movingin/images IM002644.jpg
2002.04.03 00:54 B C:\Documents and Settings\Oliver\Desktop\movingin\images\IM002645.jpg --> ftp.addr.com /usr13/home/oliverts/public_html/pics/college/movingin/images IM002645.jpg
2002.04.03 00:54 B C:\Documents and Settings\Oliver\Desktop\movingin\images\IM002646.jpg --> ftp.addr.com /usr13/home/oliverts/public_html/pics/college/movingin/images IM002646.jpg
2002.04.03 00:54 B C:\Documents and Settings\Oliver\Desktop\movingin\images\IM002647.jpg --> ftp.addr.com /usr13/home/oliverts/public_html/pics/college/movingin/images IM002647.jpg
2002.04.03 00:54 B C:\Documents and Settings\Oliver\Desktop\movingin\images\IM002648.jpg --> ftp.addr.com /usr13/home/oliverts/public_html/pics/college/movingin/images IM002648.jpg
2002.04.03 00:54 B C:\Documents and Settings\Oliver\Desktop\movingin\images\IM002649.jpg --> ftp.addr.com /usr13/home/oliverts/public_html/pics/college/movingin/images IM002649.jpg
2002.04.03 00:54 B C:\Documents and Settings\Oliver\Desktop\movingin\images\IM002650.jpg --> ftp.addr.com /usr13/home/oliverts/public_html/pics/college/movingin/images IM002650.jpg
2002.04.03 00:54 B C:\Documents and Settings\Oliver\Desktop\movingin\images\IM002651.jpg --> ftp.addr.com /usr13/home/oliverts/public_html/pics/college/movingin/images IM002651.jpg
2002.04.03 00:54 B C:\Documents and Settings\Oliver\Desktop\movingin\images\IM002653.jpg --> ftp.addr.com /usr13/home/oliverts/public_html/pics/college/movingin/images IM002653.jpg
2002.04.03 00:54 B C:\Documents and Settings\Oliver\Desktop\movingin\images\IM002656.jpg --> ftp.addr.com /usr13/home/oliverts/public_html/pics/college/movingin/images IM002656.jpg
2002.04.03 00:54 B C:\Documents and Settings\Oliver\Desktop\movingin\images\IM002658.jpg --> ftp.addr.com /usr13/home/oliverts/public_html/pics/college/movingin/images IM002658.jpg
2002.04.03 00:54 B C:\Documents and Settings\Oliver\Desktop\movingin\images\IM002661.jpg --> ftp.addr.com /usr13/home/oliverts/public_html/pics/college/movingin/images IM002661.jpg
2002.04.03 00:54 B C:\Documents and Settings\Oliver\Desktop\movingin\images\IM002662.jpg --> ftp.addr.com /usr13/home/oliverts/public_html/pics/college/movingin/images IM002662.jpg
2002.04.03 00:54 B C:\Documents and Settings\Oliver\Desktop\movingin\images\IM002663.jpg --> ftp.addr.com /usr13/home/oliverts/public_html/pics/college/movingin/images IM002663.jpg
2002.04.03 00:54 B C:\Documents and Settings\Oliver\Desktop\movingin\images\IM002666.jpg --> ftp.addr.com /usr13/home/oliverts/public_html/pics/college/movingin/images IM002666.jpg
2002.04.03 00:54 B C:\Documents and Settings\Oliver\Desktop\movingin\images\IM002667.jpg --> ftp.addr.com /usr13/home/oliverts/public_html/pics/college/movingin/images IM002667.jpg
2002.04.03 00:54 B C:\Documents and Settings\Oliver\Desktop\movingin\images\IM002668.jpg --> ftp.addr.com /usr13/home/oliverts/public_html/pics/college/movingin/images IM002668.jpg
2002.04.03 00:54 B C:\Documents and Settings\Oliver\Desktop\movingin\images\IM002669.jpg --> ftp.addr.com /usr13/home/oliverts/public_html/pics/college/movingin/images IM002669.jpg
2002.04.03 00:54 B C:\Documents and Settings\Oliver\Desktop\movingin\images\IM002670.jpg --> ftp.addr.com /usr13/home/oliverts/public_html/pics/college/movingin/images IM002670.jpg
2002.04.03 00:54 B C:\Documents and Settings\Oliver\Desktop\movingin\images\IM002671.jpg --> ftp.addr.com /usr13/home/oliverts/public_html/pics/college/movingin/images IM002671.jpg
2002.04.03 00:54 B C:\Documents and Settings\Oliver\Desktop\movingin\images\IM002672.jpg --> ftp.addr.com /usr13/home/oliverts/public_html/pics/college/movingin/images IM002672.jpg
2002.04.03 00:54 B C:\Documents and Settings\Oliver\Desktop\movingin\images\IM002673.jpg --> ftp.addr.com /usr13/home/oliverts/public_html/pics/college/movingin/images IM002673.jpg
2002.04.03 00:55 B C:\Documents and Settings\Oliver\Desktop\movingin\images\IM002674.jpg --> ftp.addr.com /usr13/home/oliverts/public_html/pics/college/movingin/images IM002674.jpg
2002.04.03 00:55 B C:\Documents and Settings\Oliver\Desktop\movingin\images\IM002675.jpg --> ftp.addr.com /usr13/home/oliverts/public_html/pics/college/movingin/images IM002675.jpg
2002.04.03 00:55 B C:\Documents and Settings\Oliver\Desktop\movingin\images\IM002676.jpg --> ftp.addr.com /usr13/home/oliverts/public_html/pics/college/movingin/images IM002676.jpg
2002.04.03 00:55 B C:\Documents and Settings\Oliver\Desktop\movingin\images\IM002677.jpg --> ftp.addr.com /usr13/home/oliverts/public_html/pics/college/movingin/images IM002677.jpg
2002.04.03 00:55 B C:\Documents and Settings\Oliver\Desktop\movingin\images\IM002678.jpg --> ftp.addr.com /usr13/home/oliverts/public_html/pics/college/movingin/images IM002678.jpg
2002.04.03 00:55 B C:\Documents and Settings\Oliver\Desktop\movingin\images\IM002679.jpg --> ftp.addr.com /usr13/home/oliverts/public_html/pics/college/movingin/images IM002679.jpg
2002.04.03 00:55 B C:\Documents and Settings\Oliver\Desktop\movingin\images\IM002680.jpg --> ftp.addr.com /usr13/home/oliverts/public_html/pics/college/movingin/images IM002680.jpg
2002.04.03 00:55 B C:\Documents and Settings\Oliver\Desktop\movingin\images\IM002681.jpg --> ftp.addr.com /usr13/home/oliverts/public_html/pics/college/movingin/images IM002681.jpg
2002.04.03 00:55 B C:\Documents and Settings\Oliver\Desktop\movingin\images\IM002682.jpg --> ftp.addr.com /usr13/home/oliverts/public_html/pics/college/movingin/images IM002682.jpg
2002.04.03 00:55 B C:\Documents and Settings\Oliver\Desktop\movingin\images\IM002683.jpg --> ftp.addr.com /usr13/home/oliverts/public_html/pics/college/movingin/images IM002683.jpg
2002.04.03 00:55 B C:\Documents and Settings\Oliver\Desktop\movingin\images\IM002684.jpg --> ftp.addr.com /usr13/home/oliverts/public_html/pics/college/movingin/images IM002684.jpg
2002.04.03 00:55 B C:\Documents and Settings\Oliver\Desktop\movingin\images\IM002685.jpg --> ftp.addr.com /usr13/home/oliverts/public_html/pics/college/movingin/images IM002685.jpg
2002.04.03 00:55 B C:\Documents and Settings\Oliver\Desktop\movingin\images\IM002686.jpg --> ftp.addr.com /usr13/home/oliverts/public_html/pics/college/movingin/images IM002686.jpg
2002.04.03 00:55 B C:\Documents and Settings\Oliver\Desktop\movingin\images\IM002687.jpg --> ftp.addr.com /usr13/home/oliverts/public_html/pics/college/movingin/images IM002687.jpg
2002.04.03 00:55 B C:\Documents and Settings\Oliver\Desktop\movingin\images\IM002688.jpg --> ftp.addr.com /usr13/home/oliverts/public_html/pics/college/movingin/images IM002688.jpg
2002.04.03 00:55 B C:\Documents and Settings\Oliver\Desktop\movingin\images\IM002689.jpg --> ftp.addr.com /usr13/home/oliverts/public_html/pics/college/movingin/images IM002689.jpg
2002.04.03 00:55 B C:\Documents and Settings\Oliver\Desktop\movingin\images\IM002690.jpg --> ftp.addr.com /usr13/home/oliverts/public_html/pics/college/movingin/images IM002690.jpg
2002.04.03 00:55 B C:\Documents and Settings\Oliver\Desktop\movingin\images\IM002691.jpg --> ftp.addr.com /usr13/home/oliverts/public_html/pics/college/movingin/images IM002691.jpg
2002.04.03 00:55 B C:\Documents and Settings\Oliver\Desktop\movingin\images\IM002692.jpg --> ftp.addr.com /usr13/home/oliverts/public_html/pics/college/movingin/images IM002692.jpg
2002.04.03 00:55 B C:\Documents and Settings\Oliver\Desktop\movingin\images\IM002693.jpg --> ftp.addr.com /usr13/home/oliverts/public_html/pics/college/movingin/images IM002693.jpg
2002.04.03 00:55 B C:\Documents and Settings\Oliver\Desktop\movingin\images\IM002694.jpg --> ftp.addr.com /usr13/home/oliverts/public_html/pics/college/movingin/images IM002694.jpg
2002.04.03 00:55 B C:\Documents and Settings\Oliver\Desktop\movingin\images\IM002695.jpg --> ftp.addr.com /usr13/home/oliverts/public_html/pics/college/movingin/images IM002695.jpg
2002.04.03 00:55 B C:\Documents and Settings\Oliver\Desktop\movingin\images\IM002696.jpg --> ftp.addr.com /usr13/home/oliverts/public_html/pics/college/movingin/images IM002696.jpg
2002.04.03 00:55 B C:\Documents and Settings\Oliver\Desktop\movingin\images\IM002697.jpg --> ftp.addr.com /usr13/home/oliverts/public_html/pics/college/movingin/images IM002697.jpg
2002.04.03 00:55 B C:\Documents and Settings\Oliver\Desktop\movingin\images\IM002698.jpg --> ftp.addr.com /usr13/home/oliverts/public_html/pics/college/movingin/images IM002698.jpg
2002.04.03 00:55 B C:\Documents and Settings\Oliver\Desktop\movingin\images\IM002699.jpg --> ftp.addr.com /usr13/home/oliverts/public_html/pics/college/movingin/images IM002699.jpg
2002.04.03 00:55 B C:\Documents and Settings\Oliver\Desktop\movingin\images\IM002700.jpg --> ftp.addr.com /usr13/home/oliverts/public_html/pics/college/movingin/images IM002700.jpg
2002.04.03 00:55 B C:\Documents and Settings\Oliver\Desktop\movingin\images\IM002701.jpg --> ftp.addr.com /usr13/home/oliverts/public_html/pics/college/movingin/images IM002701.jpg
2002.04.03 00:55 B C:\Documents and Settings\Oliver\Desktop\movingin\images\IM002702.jpg --> ftp.addr.com /usr13/home/oliverts/public_html/pics/college/movingin/images IM002702.jpg
2002.04.03 00:55 B C:\Documents and Settings\Oliver\Desktop\movingin\images\IM002703.jpg --> ftp.addr.com /usr13/home/oliverts/public_html/pics/college/movingin/images IM002703.jpg
2002.04.03 00:55 B C:\Documents and Settings\Oliver\Desktop\movingin\images\IM002704.jpg --> ftp.addr.com /usr13/home/oliverts/public_html/pics/college/movingin/images IM002704.jpg
2002.04.03 00:55 B C:\Documents and Settings\Oliver\Desktop\movingin\images\IM002705.jpg --> ftp.addr.com /usr13/home/oliverts/public_html/pics/college/movingin/images IM002705.jpg
2002.04.03 00:55 B C:\Documents and Settings\Oliver\Desktop\movingin\images\IM002706.jpg --> ftp.addr.com /usr13/home/oliverts/public_html/pics/college/movingin/images IM002706.jpg
2002.04.03 00:55 B C:\Documents and Settings\Oliver\Desktop\movingin\images\IM002707.jpg --> ftp.addr.com /usr13/home/oliverts/public_html/pics/college/movingin/images IM002707.jpg
2002.04.03 00:55 B C:\Documents and Settings\Oliver\Desktop\movingin\images\IM002708.jpg --> ftp.addr.com /usr13/home/oliverts/public_html/pics/college/movingin/images IM002708.jpg
2002.04.03 00:55 B C:\Documents and Settings\Oliver\Desktop\movingin\images\IM002709.jpg --> ftp.addr.com /usr13/home/oliverts/public_html/pics/college/movingin/images IM002709.jpg
2002.04.03 00:55 B C:\Documents and Settings\Oliver\Desktop\movingin\images\IM002711.jpg --> ftp.addr.com /usr13/home/oliverts/public_html/pics/college/movingin/images IM002711.jpg
2002.04.03 00:55 B C:\Documents and Settings\Oliver\Desktop\movingin\images\IM002712.jpg --> ftp.addr.com /usr13/home/oliverts/public_html/pics/college/movingin/images IM002712.jpg
2002.04.03 00:55 B C:\Documents and Settings\Oliver\Desktop\movingin\images\IM002713.jpg --> ftp.addr.com /usr13/home/oliverts/public_html/pics/college/movingin/images IM002713.jpg
2002.04.03 00:55 B C:\Documents and Settings\Oliver\Desktop\movingin\images\IM002714.jpg --> ftp.addr.com /usr13/home/oliverts/public_html/pics/college/movingin/images IM002714.jpg
2002.04.03 00:55 B C:\Documents and Settings\Oliver\Desktop\movingin\images\IM002715.jpg --> ftp.addr.com /usr13/home/oliverts/public_html/pics/college/movingin/images IM002715.jpg
2002.04.03 00:55 B C:\Documents and Settings\Oliver\Desktop\movingin\images\IM002716.jpg --> ftp.addr.com /usr13/home/oliverts/public_html/pics/college/movingin/images IM002716.jpg
2002.04.03 00:55 B C:\Documents and Settings\Oliver\Desktop\movingin\images\IM002717.jpg --> ftp.addr.com /usr13/home/oliverts/public_html/pics/college/movingin/images IM002717.jpg
2002.04.03 00:55 B C:\Documents and Settings\Oliver\Desktop\movingin\images\IM002718.jpg --> ftp.addr.com /usr13/home/oliverts/public_html/pics/college/movingin/images IM002718.jpg
2002.04.03 00:55 B C:\Documents and Settings\Oliver\Desktop\movingin\images\IM002719.jpg --> ftp.addr.com /usr13/home/oliverts/public_html/pics/college/movingin/images IM002719.jpg
2002.04.03 00:55 B C:\Documents and Settings\Oliver\Desktop\movingin\images\IM002720.jpg --> ftp.addr.com /usr13/home/oliverts/public_html/pics/college/movingin/images IM002720.jpg
2002.04.03 00:55 B C:\Documents and Settings\Oliver\Desktop\movingin\images\IM002721.jpg --> ftp.addr.com /usr13/home/oliverts/public_html/pics/college/movingin/images IM002721.jpg
2002.04.03 00:55 B C:\Documents and Settings\Oliver\Desktop\movingin\images\IM002722.jpg --> ftp.addr.com /usr13/home/oliverts/public_html/pics/college/movingin/images IM002722.jpg
2002.04.03 00:55 B C:\Documents and Settings\Oliver\Desktop\movingin\images\IM002723.jpg --> ftp.addr.com /usr13/home/oliverts/public_html/pics/college/movingin/images IM002723.jpg
2002.04.03 00:55 B C:\Documents and Settings\Oliver\Desktop\movingin\images\IM002724.jpg --> ftp.addr.com /usr13/home/oliverts/public_html/pics/college/movingin/images IM002724.jpg
2002.04.03 00:55 B C:\Documents and Settings\Oliver\Desktop\movingin\images\IM002725.jpg --> ftp.addr.com /usr13/home/oliverts/public_html/pics/college/movingin/images IM002725.jpg
2002.04.03 00:55 B C:\Documents and Settings\Oliver\Desktop\movingin\images\IM002726.jpg --> ftp.addr.com /usr13/home/oliverts/public_html/pics/college/movingin/images IM002726.jpg
2002.04.03 00:55 B C:\Documents and Settings\Oliver\Desktop\movingin\images\IM002727.jpg --> ftp.addr.com /usr13/home/oliverts/public_html/pics/college/movingin/images IM002727.jpg
2002.04.03 00:55 B C:\Documents and Settings\Oliver\Desktop\movingin\images\IM002728.jpg --> ftp.addr.com /usr13/home/oliverts/public_html/pics/college/movingin/images IM002728.jpg
2002.04.03 00:55 B C:\Documents and Settings\Oliver\Desktop\movingin\images\IM002729.jpg --> ftp.addr.com /usr13/home/oliverts/public_html/pics/college/movingin/images IM002729.jpg
2002.04.03 00:55 B C:\Documents and Settings\Oliver\Desktop\movingin\images\IM002730.jpg --> ftp.addr.com /usr13/home/oliverts/public_html/pics/college/movingin/images IM002730.jpg
2002.04.03 00:55 B C:\Documents and Settings\Oliver\Desktop\movingin\images\IM002731.jpg --> ftp.addr.com /usr13/home/oliverts/public_html/pics/college/movingin/images IM002731.jpg
2002.04.03 00:55 B C:\Documents and Settings\Oliver\Desktop\movingin\images\IM002732.jpg --> ftp.addr.com /usr13/home/oliverts/public_html/pics/college/movingin/images IM002732.jpg
2002.04.03 00:55 B C:\Documents and Settings\Oliver\Desktop\movingin\images\IM002733.jpg --> ftp.addr.com /usr13/home/oliverts/public_html/pics/college/movingin/images IM002733.jpg
2002.04.03 00:55 B C:\Documents and Settings\Oliver\Desktop\movingin\images\IM002734.jpg --> ftp.addr.com /usr13/home/oliverts/public_html/pics/college/movingin/images IM002734.jpg
2002.04.03 00:55 B C:\Documents and Settings\Oliver\Desktop\movingin\images\IM002735.jpg --> ftp.addr.com /usr13/home/oliverts/public_html/pics/college/movingin/images IM002735.jpg
2002.04.03 00:55 B C:\Documents and Settings\Oliver\Desktop\movingin\images\IM002736.jpg --> ftp.addr.com /usr13/home/oliverts/public_html/pics/college/movingin/images IM002736.jpg
2002.04.03 00:55 B C:\Documents and Settings\Oliver\Desktop\movingin\images\IM002737.jpg --> ftp.addr.com /usr13/home/oliverts/public_html/pics/college/movingin/images IM002737.jpg
2002.04.03 00:55 B C:\Documents and Settings\Oliver\Desktop\movingin\images\IM002738.jpg --> ftp.addr.com /usr13/home/oliverts/public_html/pics/college/movingin/images IM002738.jpg
2002.04.03 00:55 B C:\Documents and Settings\Oliver\Desktop\movingin\images\IM002739.jpg --> ftp.addr.com /usr13/home/oliverts/public_html/pics/college/movingin/images IM002739.jpg
2002.04.03 00:55 B C:\Documents and Settings\Oliver\Desktop\movingin\images\IM002740.jpg --> ftp.addr.com /usr13/home/oliverts/public_html/pics/college/movingin/images IM002740.jpg
2002.04.03 00:55 B C:\Documents and Settings\Oliver\Desktop\movingin\images\IM002743.jpg --> ftp.addr.com /usr13/home/oliverts/public_html/pics/college/movingin/images IM002743.jpg
2002.04.03 00:55 B C:\Documents and Settings\Oliver\Desktop\movingin\images\IM002744.jpg --> ftp.addr.com /usr13/home/oliverts/public_html/pics/college/movingin/images IM002744.jpg
2002.04.03 00:55 B C:\Documents and Settings\Oliver\Desktop\movingin\images\IM002745.jpg --> ftp.addr.com /usr13/home/oliverts/public_html/pics/college/movingin/images IM002745.jpg
2002.04.03 00:55 B C:\Documents and Settings\Oliver\Desktop\movingin\images\IM002746.jpg --> ftp.addr.com /usr13/home/oliverts/public_html/pics/college/movingin/images IM002746.jpg
2002.04.03 00:55 B C:\Documents and Settings\Oliver\Desktop\movingin\images\IM002747.jpg --> ftp.addr.com /usr13/home/oliverts/public_html/pics/college/movingin/images IM002747.jpg
2002.04.03 00:55 B C:\Documents and Settings\Oliver\Desktop\movingin\images\IM002748.jpg --> ftp.addr.com /usr13/home/oliverts/public_html/pics/college/movingin/images IM002748.jpg
2002.04.03 00:55 B C:\Documents and Settings\Oliver\Desktop\movingin\images\IM002749.jpg --> ftp.addr.com /usr13/home/oliverts/public_html/pics/college/movingin/images IM002749.jpg
2002.04.03 00:55 B C:\Documents and Settings\Oliver\Desktop\movingin\images\IM002750.jpg --> ftp.addr.com /usr13/home/oliverts/public_html/pics/college/movingin/images IM002750.jpg
2002.04.03 00:55 B C:\Documents and Settings\Oliver\Desktop\movingin\images\IM002751.jpg --> ftp.addr.com /usr13/home/oliverts/public_html/pics/college/movingin/images IM002751.jpg
2002.04.03 00:55 B C:\Documents and Settings\Oliver\Desktop\movingin\images\IM002752.jpg --> ftp.addr.com /usr13/home/oliverts/public_html/pics/college/movingin/images IM002752.jpg
2002.04.03 00:55 B C:\Documents and Settings\Oliver\Desktop\movingin\images\IM002753.jpg --> ftp.addr.com /usr13/home/oliverts/public_html/pics/college/movingin/images IM002753.jpg
2002.04.03 00:55 B C:\Documents and Settings\Oliver\Desktop\movingin\images\IM002754.jpg --> ftp.addr.com /usr13/home/oliverts/public_html/pics/college/movingin/images IM002754.jpg
2002.04.03 00:55 B C:\Documents and Settings\Oliver\Desktop\movingin\images\IM002755.jpg --> ftp.addr.com /usr13/home/oliverts/public_html/pics/college/movingin/images IM002755.jpg
2002.04.03 00:55 B C:\Documents and Settings\Oliver\Desktop\movingin\images\IM002756.jpg --> ftp.addr.com /usr13/home/oliverts/public_html/pics/college/movingin/images IM002756.jpg
2002.04.03 00:55 B C:\Documents and Settings\Oliver\Desktop\movingin\images\IM002757.jpg --> ftp.addr.com /usr13/home/oliverts/public_html/pics/college/movingin/images IM002757.jpg
2002.04.03 00:55 B C:\Documents and Settings\Oliver\Desktop\movingin\images\IM002758.jpg --> ftp.addr.com /usr13/home/oliverts/public_html/pics/college/movingin/images IM002758.jpg
2002.04.03 00:55 B C:\Documents and Settings\Oliver\Desktop\movingin\images\IM002759.jpg --> ftp.addr.com /usr13/home/oliverts/public_html/pics/college/movingin/images IM002759.jpg
2002.04.03 00:55 B C:\Documents and Settings\Oliver\Desktop\movingin\images\IM002760.jpg --> ftp.addr.com /usr13/home/oliverts/public_html/pics/college/movingin/images IM002760.jpg
2002.04.03 00:55 B C:\Documents and Settings\Oliver\Desktop\movingin\images\IM002785.jpg --> ftp.addr.com /usr13/home/oliverts/public_html/pics/college/movingin/images IM002785.jpg
2002.04.03 00:55 B C:\Documents and Settings\Oliver\Desktop\movingin\images\IM002786.jpg --> ftp.addr.com /usr13/home/oliverts/public_html/pics/college/movingin/images IM002786.jpg
2002.04.03 00:56 B C:\Documents and Settings\Oliver\Desktop\movingin\images\IM002787.jpg --> ftp.addr.com /usr13/home/oliverts/public_html/pics/college/movingin/images IM002787.jpg
2002.04.03 00:56 B C:\Documents and Settings\Oliver\Desktop\movingin\images\IM002789.jpg --> ftp.addr.com /usr13/home/oliverts/public_html/pics/college/movingin/images IM002789.jpg
2002.04.03 00:56 B C:\Documents and Settings\Oliver\Desktop\movingin\images\IM002790.jpg --> ftp.addr.com /usr13/home/oliverts/public_html/pics/college/movingin/images IM002790.jpg
2002.04.03 00:56 B C:\Documents and Settings\Oliver\Desktop\movingin\images\IM002798.jpg --> ftp.addr.com /usr13/home/oliverts/public_html/pics/college/movingin/images IM002798.jpg
2002.04.03 00:56 B C:\Documents and Settings\Oliver\Desktop\movingin\images\IM002799.jpg --> ftp.addr.com /usr13/home/oliverts/public_html/pics/college/movingin/images IM002799.jpg
2002.04.03 00:56 B C:\Documents and Settings\Oliver\Desktop\movingin\images\IM002800.jpg --> ftp.addr.com /usr13/home/oliverts/public_html/pics/college/movingin/images IM002800.jpg
2002.04.03 00:56 B C:\Documents and Settings\Oliver\Desktop\movingin\images\IM002801.jpg --> ftp.addr.com /usr13/home/oliverts/public_html/pics/college/movingin/images IM002801.jpg
2002.04.03 00:56 B C:\Documents and Settings\Oliver\Desktop\movingin\images\IM002802.jpg --> ftp.addr.com /usr13/home/oliverts/public_html/pics/college/movingin/images IM002802.jpg
2002.04.03 00:56 B C:\Documents and Settings\Oliver\Desktop\movingin\images\IM002806.jpg --> ftp.addr.com /usr13/home/oliverts/public_html/pics/college/movingin/images IM002806.jpg
2002.04.03 00:56 B C:\Documents and Settings\Oliver\Desktop\movingin\images\IM002807.jpg --> ftp.addr.com /usr13/home/oliverts/public_html/pics/college/movingin/images IM002807.jpg
2002.04.03 00:56 B C:\Documents and Settings\Oliver\Desktop\movingin\images\IM002808.jpg --> ftp.addr.com /usr13/home/oliverts/public_html/pics/college/movingin/images IM002808.jpg
2002.04.03 00:56 B C:\Documents and Settings\Oliver\Desktop\movingin\images\IM002809.jpg --> ftp.addr.com /usr13/home/oliverts/public_html/pics/college/movingin/images IM002809.jpg
2002.04.03 00:56 B C:\Documents and Settings\Oliver\Desktop\movingin\images\IM002810.jpg --> ftp.addr.com /usr13/home/oliverts/public_html/pics/college/movingin/images IM002810.jpg
2002.04.03 00:56 B C:\Documents and Settings\Oliver\Desktop\movingin\images\IM002811.jpg --> ftp.addr.com /usr13/home/oliverts/public_html/pics/college/movingin/images IM002811.jpg
2002.04.03 00:56 B C:\Documents and Settings\Oliver\Desktop\movingin\images\IM002812.jpg --> ftp.addr.com /usr13/home/oliverts/public_html/pics/college/movingin/images IM002812.jpg
2002.04.03 00:56 B C:\Documents and Settings\Oliver\Desktop\movingin\images\IM002816.jpg --> ftp.addr.com /usr13/home/oliverts/public_html/pics/college/movingin/images IM002816.jpg
2002.04.03 00:56 B C:\Documents and Settings\Oliver\Desktop\movingin\images\IM002818.jpg --> ftp.addr.com /usr13/home/oliverts/public_html/pics/college/movingin/images IM002818.jpg
2002.04.03 00:56 B C:\Documents and Settings\Oliver\Desktop\movingin\images\IM002820.jpg --> ftp.addr.com /usr13/home/oliverts/public_html/pics/college/movingin/images IM002820.jpg
2002.04.03 00:56 B C:\Documents and Settings\Oliver\Desktop\movingin\images\IM002822.jpg --> ftp.addr.com /usr13/home/oliverts/public_html/pics/college/movingin/images IM002822.jpg
2002.04.03 00:56 B C:\Documents and Settings\Oliver\Desktop\movingin\images\IM002823.jpg --> ftp.addr.com /usr13/home/oliverts/public_html/pics/college/movingin/images IM002823.jpg
2002.04.03 00:56 B C:\Documents and Settings\Oliver\Desktop\movingin\images\IM002824.jpg --> ftp.addr.com /usr13/home/oliverts/public_html/pics/college/movingin/images IM002824.jpg
2002.04.03 00:56 B C:\Documents and Settings\Oliver\Desktop\movingin\images\IM002830.jpg --> ftp.addr.com /usr13/home/oliverts/public_html/pics/college/movingin/images IM002830.jpg
2002.04.03 00:56 B C:\Documents and Settings\Oliver\Desktop\movingin\images\IM002831.jpg --> ftp.addr.com /usr13/home/oliverts/public_html/pics/college/movingin/images IM002831.jpg
2002.04.03 00:56 B C:\Documents and Settings\Oliver\Desktop\movingin\images\IM002834.jpg --> ftp.addr.com /usr13/home/oliverts/public_html/pics/college/movingin/images IM002834.jpg
2002.04.03 00:56 B C:\Documents and Settings\Oliver\Desktop\movingin\images\IM002835.jpg --> ftp.addr.com /usr13/home/oliverts/public_html/pics/college/movingin/images IM002835.jpg
2002.04.03 00:56 B C:\Documents and Settings\Oliver\Desktop\movingin\images\IM002836.jpg --> ftp.addr.com /usr13/home/oliverts/public_html/pics/college/movingin/images IM002836.jpg
2002.04.03 00:56 B C:\Documents and Settings\Oliver\Desktop\movingin\images\IM002837.jpg --> ftp.addr.com /usr13/home/oliverts/public_html/pics/college/movingin/images IM002837.jpg
2002.04.03 00:56 B C:\Documents and Settings\Oliver\Desktop\movingin\images\IM002838.jpg --> ftp.addr.com /usr13/home/oliverts/public_html/pics/college/movingin/images IM002838.jpg
2002.04.03 00:56 B C:\Documents and Settings\Oliver\Desktop\movingin\images\next.gif --> ftp.addr.com /usr13/home/oliverts/public_html/pics/college/movingin/images next.gif
2002.04.03 00:56 B C:\Documents and Settings\Oliver\Desktop\movingin\images\previous.gif --> ftp.addr.com /usr13/home/oliverts/public_html/pics/college/movingin/images previous.gif
2002.04.03 01:15 B C:\Documents and Settings\Oliver\Desktop\movingin\images\home.gif --> ftp.addr.com /usr13/home/oliverts/public_html/pics/college/movingin/images home.gif
2002.04.03 01:15 B C:\Documents and Settings\Oliver\Desktop\movingin\images\IM002636.jpg --> ftp.addr.com /usr13/home/oliverts/public_html/pics/college/movingin/images IM002636.jpg
2002.04.03 01:15 B C:\Documents and Settings\Oliver\Desktop\movingin\images\IM002637.jpg --> ftp.addr.com /usr13/home/oliverts/public_html/pics/college/movingin/images IM002637.jpg
2002.04.03 01:15 B C:\Documents and Settings\Oliver\Desktop\movingin\images\IM002638.jpg --> ftp.addr.com /usr13/home/oliverts/public_html/pics/college/movingin/images IM002638.jpg
2002.04.03 01:15 B C:\Documents and Settings\Oliver\Desktop\movingin\images\IM002639.jpg --> ftp.addr.com /usr13/home/oliverts/public_html/pics/college/movingin/images IM002639.jpg
2002.04.03 01:15 B C:\Documents and Settings\Oliver\Desktop\movingin\images\IM002640.jpg --> ftp.addr.com /usr13/home/oliverts/public_html/pics/college/movingin/images IM002640.jpg
2002.04.03 01:15 B C:\Documents and Settings\Oliver\Desktop\movingin\images\IM002641.jpg --> ftp.addr.com /usr13/home/oliverts/public_html/pics/college/movingin/images IM002641.jpg
2002.04.03 01:15 B C:\Documents and Settings\Oliver\Desktop\movingin\images\IM002644.jpg --> ftp.addr.com /usr13/home/oliverts/public_html/pics/college/movingin/images IM002644.jpg
2002.04.03 01:15 B C:\Documents and Settings\Oliver\Desktop\movingin\images\IM002645.jpg --> ftp.addr.com /usr13/home/oliverts/public_html/pics/college/movingin/images IM002645.jpg
2002.04.03 01:15 B C:\Documents and Settings\Oliver\Desktop\movingin\images\IM002646.jpg --> ftp.addr.com /usr13/home/oliverts/public_html/pics/college/movingin/images IM002646.jpg
2002.04.03 01:15 B C:\Documents and Settings\Oliver\Desktop\movingin\images\IM002647.jpg --> ftp.addr.com /usr13/home/oliverts/public_html/pics/college/movingin/images IM002647.jpg
2002.04.03 01:15 B C:\Documents and Settings\Oliver\Desktop\movingin\images\IM002648.jpg --> ftp.addr.com /usr13/home/oliverts/public_html/pics/college/movingin/images IM002648.jpg
2002.04.03 01:15 B C:\Documents and Settings\Oliver\Desktop\movingin\images\IM002649.jpg --> ftp.addr.com /usr13/home/oliverts/public_html/pics/college/movingin/images IM002649.jpg
2002.04.03 01:15 B C:\Documents and Settings\Oliver\Desktop\movingin\images\IM002650.jpg --> ftp.addr.com /usr13/home/oliverts/public_html/pics/college/movingin/images IM002650.jpg
2002.04.03 01:15 B C:\Documents and Settings\Oliver\Desktop\movingin\images\IM002651.jpg --> ftp.addr.com /usr13/home/oliverts/public_html/pics/college/movingin/images IM002651.jpg
2002.04.03 01:15 B C:\Documents and Settings\Oliver\Desktop\movingin\images\IM002653.jpg --> ftp.addr.com /usr13/home/oliverts/public_html/pics/college/movingin/images IM002653.jpg
2002.04.03 01:15 B C:\Documents and Settings\Oliver\Desktop\movingin\images\IM002656.jpg --> ftp.addr.com /usr13/home/oliverts/public_html/pics/college/movingin/images IM002656.jpg
2002.04.03 01:15 B C:\Documents and Settings\Oliver\Desktop\movingin\images\IM002658.jpg --> ftp.addr.com /usr13/home/oliverts/public_html/pics/college/movingin/images IM002658.jpg
2002.04.03 01:15 B C:\Documents and Settings\Oliver\Desktop\movingin\images\IM002661.jpg --> ftp.addr.com /usr13/home/oliverts/public_html/pics/college/movingin/images IM002661.jpg
2002.04.03 01:15 B C:\Documents and Settings\Oliver\Desktop\movingin\images\IM002662.jpg --> ftp.addr.com /usr13/home/oliverts/public_html/pics/college/movingin/images IM002662.jpg
2002.04.03 01:15 B C:\Documents and Settings\Oliver\Desktop\movingin\images\IM002663.jpg --> ftp.addr.com /usr13/home/oliverts/public_html/pics/college/movingin/images IM002663.jpg
2002.04.03 01:15 B C:\Documents and Settings\Oliver\Desktop\movingin\images\IM002666.jpg --> ftp.addr.com /usr13/home/oliverts/public_html/pics/college/movingin/images IM002666.jpg
2002.04.03 01:15 B C:\Documents and Settings\Oliver\Desktop\movingin\images\IM002667.jpg --> ftp.addr.com /usr13/home/oliverts/public_html/pics/college/movingin/images IM002667.jpg
2002.04.03 01:15 B C:\Documents and Settings\Oliver\Desktop\movingin\images\IM002668.jpg --> ftp.addr.com /usr13/home/oliverts/public_html/pics/college/movingin/images IM002668.jpg
2002.04.03 01:15 B C:\Documents and Settings\Oliver\Desktop\movingin\images\IM002669.jpg --> ftp.addr.com /usr13/home/oliverts/public_html/pics/college/movingin/images IM002669.jpg
2002.04.03 01:15 B C:\Documents and Settings\Oliver\Desktop\movingin\images\IM002670.jpg --> ftp.addr.com /usr13/home/oliverts/public_html/pics/college/movingin/images IM002670.jpg
2002.04.03 01:15 B C:\Documents and Settings\Oliver\Desktop\movingin\images\IM002671.jpg --> ftp.addr.com /usr13/home/oliverts/public_html/pics/college/movingin/images IM002671.jpg
2002.04.03 01:15 B C:\Documents and Settings\Oliver\Desktop\movingin\images\IM002672.jpg --> ftp.addr.com /usr13/home/oliverts/public_html/pics/college/movingin/images IM002672.jpg
2002.04.03 01:15 B C:\Documents and Settings\Oliver\Desktop\movingin\images\IM002673.jpg --> ftp.addr.com /usr13/home/oliverts/public_html/pics/college/movingin/images IM002673.jpg
2002.04.03 01:15 B C:\Documents and Settings\Oliver\Desktop\movingin\images\IM002674.jpg --> ftp.addr.com /usr13/home/oliverts/public_html/pics/college/movingin/images IM002674.jpg
2002.04.03 01:15 B C:\Documents and Settings\Oliver\Desktop\movingin\images\IM002675.jpg --> ftp.addr.com /usr13/home/oliverts/public_html/pics/college/movingin/images IM002675.jpg
2002.04.03 01:15 B C:\Documents and Settings\Oliver\Desktop\movingin\images\IM002676.jpg --> ftp.addr.com /usr13/home/oliverts/public_html/pics/college/movingin/images IM002676.jpg
2002.04.03 01:15 B C:\Documents and Settings\Oliver\Desktop\movingin\images\IM002677.jpg --> ftp.addr.com /usr13/home/oliverts/public_html/pics/college/movingin/images IM002677.jpg
2002.04.03 01:15 B C:\Documents and Settings\Oliver\Desktop\movingin\images\IM002678.jpg --> ftp.addr.com /usr13/home/oliverts/public_html/pics/college/movingin/images IM002678.jpg
2002.04.03 01:15 B C:\Documents and Settings\Oliver\Desktop\movingin\images\IM002679.jpg --> ftp.addr.com /usr13/home/oliverts/public_html/pics/college/movingin/images IM002679.jpg
2002.04.03 01:15 B C:\Documents and Settings\Oliver\Desktop\movingin\images\IM002680.jpg --> ftp.addr.com /usr13/home/oliverts/public_html/pics/college/movingin/images IM002680.jpg
2002.04.03 01:15 B C:\Documents and Settings\Oliver\Desktop\movingin\images\IM002681.jpg --> ftp.addr.com /usr13/home/oliverts/public_html/pics/college/movingin/images IM002681.jpg
2002.04.03 01:15 B C:\Documents and Settings\Oliver\Desktop\movingin\images\IM002682.jpg --> ftp.addr.com /usr13/home/oliverts/public_html/pics/college/movingin/images IM002682.jpg
2002.04.03 01:15 B C:\Documents and Settings\Oliver\Desktop\movingin\images\IM002683.jpg --> ftp.addr.com /usr13/home/oliverts/public_html/pics/college/movingin/images IM002683.jpg
2002.04.03 01:15 B C:\Documents and Settings\Oliver\Desktop\movingin\images\IM002684.jpg --> ftp.addr.com /usr13/home/oliverts/public_html/pics/college/movingin/images IM002684.jpg
2002.04.03 01:15 B C:\Documents and Settings\Oliver\Desktop\movingin\images\IM002685.jpg --> ftp.addr.com /usr13/home/oliverts/public_html/pics/college/movingin/images IM002685.jpg
2002.04.03 01:15 B C:\Documents and Settings\Oliver\Desktop\movingin\images\IM002686.jpg --> ftp.addr.com /usr13/home/oliverts/public_html/pics/college/movingin/images IM002686.jpg
2002.04.03 01:15 B C:\Documents and Settings\Oliver\Desktop\movingin\images\IM002687.jpg --> ftp.addr.com /usr13/home/oliverts/public_html/pics/college/movingin/images IM002687.jpg
2002.04.03 01:15 B C:\Documents and Settings\Oliver\Desktop\movingin\images\IM002688.jpg --> ftp.addr.com /usr13/home/oliverts/public_html/pics/college/movingin/images IM002688.jpg
2002.04.03 01:15 B C:\Documents and Settings\Oliver\Desktop\movingin\images\IM002689.jpg --> ftp.addr.com /usr13/home/oliverts/public_html/pics/college/movingin/images IM002689.jpg
2002.04.03 01:15 B C:\Documents and Settings\Oliver\Desktop\movingin\images\IM002690.jpg --> ftp.addr.com /usr13/home/oliverts/public_html/pics/college/movingin/images IM002690.jpg
2002.04.03 01:16 B C:\Documents and Settings\Oliver\Desktop\movingin\images\IM002691.jpg --> ftp.addr.com /usr13/home/oliverts/public_html/pics/college/movingin/images IM002691.jpg
2002.04.03 01:16 B C:\Documents and Settings\Oliver\Desktop\movingin\images\IM002692.jpg --> ftp.addr.com /usr13/home/oliverts/public_html/pics/college/movingin/images IM002692.jpg
2002.04.03 01:16 B C:\Documents and Settings\Oliver\Desktop\movingin\images\IM002693.jpg --> ftp.addr.com /usr13/home/oliverts/public_html/pics/college/movingin/images IM002693.jpg
2002.04.03 01:16 B C:\Documents and Settings\Oliver\Desktop\movingin\images\IM002694.jpg --> ftp.addr.com /usr13/home/oliverts/public_html/pics/college/movingin/images IM002694.jpg
2002.04.03 01:16 B C:\Documents and Settings\Oliver\Desktop\movingin\images\IM002695.jpg --> ftp.addr.com /usr13/home/oliverts/public_html/pics/college/movingin/images IM002695.jpg
2002.04.03 01:16 B C:\Documents and Settings\Oliver\Desktop\movingin\images\IM002696.jpg --> ftp.addr.com /usr13/home/oliverts/public_html/pics/college/movingin/images IM002696.jpg
2002.04.03 01:16 B C:\Documents and Settings\Oliver\Desktop\movingin\images\IM002697.jpg --> ftp.addr.com /usr13/home/oliverts/public_html/pics/college/movingin/images IM002697.jpg
2002.04.03 01:16 B C:\Documents and Settings\Oliver\Desktop\movingin\images\IM002698.jpg --> ftp.addr.com /usr13/home/oliverts/public_html/pics/college/movingin/images IM002698.jpg
2002.04.03 01:16 B C:\Documents and Settings\Oliver\Desktop\movingin\images\IM002699.jpg --> ftp.addr.com /usr13/home/oliverts/public_html/pics/college/movingin/images IM002699.jpg
2002.04.03 01:16 B C:\Documents and Settings\Oliver\Desktop\movingin\images\IM002700.jpg --> ftp.addr.com /usr13/home/oliverts/public_html/pics/college/movingin/images IM002700.jpg
2002.04.03 01:16 B C:\Documents and Settings\Oliver\Desktop\movingin\images\IM002701.jpg --> ftp.addr.com /usr13/home/oliverts/public_html/pics/college/movingin/images IM002701.jpg
2002.04.03 01:16 B C:\Documents and Settings\Oliver\Desktop\movingin\images\IM002702.jpg --> ftp.addr.com /usr13/home/oliverts/public_html/pics/college/movingin/images IM002702.jpg
2002.04.03 01:16 B C:\Documents and Settings\Oliver\Desktop\movingin\images\IM002703.jpg --> ftp.addr.com /usr13/home/oliverts/public_html/pics/college/movingin/images IM002703.jpg
2002.04.03 01:16 B C:\Documents and Settings\Oliver\Desktop\movingin\images\IM002704.jpg --> ftp.addr.com /usr13/home/oliverts/public_html/pics/college/movingin/images IM002704.jpg
2002.04.03 01:16 B C:\Documents and Settings\Oliver\Desktop\movingin\images\IM002705.jpg --> ftp.addr.com /usr13/home/oliverts/public_html/pics/college/movingin/images IM002705.jpg
2002.04.03 01:16 B C:\Documents and Settings\Oliver\Desktop\movingin\images\IM002706.jpg --> ftp.addr.com /usr13/home/oliverts/public_html/pics/college/movingin/images IM002706.jpg
2002.04.03 01:16 B C:\Documents and Settings\Oliver\Desktop\movingin\images\IM002707.jpg --> ftp.addr.com /usr13/home/oliverts/public_html/pics/college/movingin/images IM002707.jpg
2002.04.03 01:16 B C:\Documents and Settings\Oliver\Desktop\movingin\images\IM002708.jpg --> ftp.addr.com /usr13/home/oliverts/public_html/pics/college/movingin/images IM002708.jpg
2002.04.03 01:16 B C:\Documents and Settings\Oliver\Desktop\movingin\images\IM002709.jpg --> ftp.addr.com /usr13/home/oliverts/public_html/pics/college/movingin/images IM002709.jpg
2002.04.03 01:16 B C:\Documents and Settings\Oliver\Desktop\movingin\images\IM002711.jpg --> ftp.addr.com /usr13/home/oliverts/public_html/pics/college/movingin/images IM002711.jpg
2002.04.03 01:16 B C:\Documents and Settings\Oliver\Desktop\movingin\images\IM002712.jpg --> ftp.addr.com /usr13/home/oliverts/public_html/pics/college/movingin/images IM002712.jpg
2002.04.03 01:16 B C:\Documents and Settings\Oliver\Desktop\movingin\images\IM002713.jpg --> ftp.addr.com /usr13/home/oliverts/public_html/pics/college/movingin/images IM002713.jpg
2002.04.03 01:16 B C:\Documents and Settings\Oliver\Desktop\movingin\images\IM002714.jpg --> ftp.addr.com /usr13/home/oliverts/public_html/pics/college/movingin/images IM002714.jpg
2002.04.03 01:16 B C:\Documents and Settings\Oliver\Desktop\movingin\images\IM002715.jpg --> ftp.addr.com /usr13/home/oliverts/public_html/pics/college/movingin/images IM002715.jpg
2002.04.03 01:16 B C:\Documents and Settings\Oliver\Desktop\movingin\images\IM002716.jpg --> ftp.addr.com /usr13/home/oliverts/public_html/pics/college/movingin/images IM002716.jpg
2002.04.03 01:16 B C:\Documents and Settings\Oliver\Desktop\movingin\images\IM002717.jpg --> ftp.addr.com /usr13/home/oliverts/public_html/pics/college/movingin/images IM002717.jpg
2002.04.03 01:16 B C:\Documents and Settings\Oliver\Desktop\movingin\images\IM002718.jpg --> ftp.addr.com /usr13/home/oliverts/public_html/pics/college/movingin/images IM002718.jpg
2002.04.03 01:16 B C:\Documents and Settings\Oliver\Desktop\movingin\images\IM002719.jpg --> ftp.addr.com /usr13/home/oliverts/public_html/pics/college/movingin/images IM002719.jpg
2002.04.03 01:16 B C:\Documents and Settings\Oliver\Desktop\movingin\images\IM002720.jpg --> ftp.addr.com /usr13/home/oliverts/public_html/pics/college/movingin/images IM002720.jpg
2002.04.03 01:16 B C:\Documents and Settings\Oliver\Desktop\movingin\images\IM002721.jpg --> ftp.addr.com /usr13/home/oliverts/public_html/pics/college/movingin/images IM002721.jpg
2002.04.03 01:16 B C:\Documents and Settings\Oliver\Desktop\movingin\images\IM002722.jpg --> ftp.addr.com /usr13/home/oliverts/public_html/pics/college/movingin/images IM002722.jpg
2002.04.03 01:16 B C:\Documents and Settings\Oliver\Desktop\movingin\images\IM002723.jpg --> ftp.addr.com /usr13/home/oliverts/public_html/pics/college/movingin/images IM002723.jpg
2002.04.03 01:16 B C:\Documents and Settings\Oliver\Desktop\movingin\images\IM002724.jpg --> ftp.addr.com /usr13/home/oliverts/public_html/pics/college/movingin/images IM002724.jpg
2002.04.03 01:16 B C:\Documents and Settings\Oliver\Desktop\movingin\images\IM002725.jpg --> ftp.addr.com /usr13/home/oliverts/public_html/pics/college/movingin/images IM002725.jpg
2002.04.03 01:16 B C:\Documents and Settings\Oliver\Desktop\movingin\images\IM002726.jpg --> ftp.addr.com /usr13/home/oliverts/public_html/pics/college/movingin/images IM002726.jpg
2002.04.03 01:16 B C:\Documents and Settings\Oliver\Desktop\movingin\images\IM002727.jpg --> ftp.addr.com /usr13/home/oliverts/public_html/pics/college/movingin/images IM002727.jpg
2002.04.03 01:16 B C:\Documents and Settings\Oliver\Desktop\movingin\images\IM002728.jpg --> ftp.addr.com /usr13/home/oliverts/public_html/pics/college/movingin/images IM002728.jpg
2002.04.03 01:16 B C:\Documents and Settings\Oliver\Desktop\movingin\images\IM002729.jpg --> ftp.addr.com /usr13/home/oliverts/public_html/pics/college/movingin/images IM002729.jpg
2002.04.03 01:16 B C:\Documents and Settings\Oliver\Desktop\movingin\images\IM002730.jpg --> ftp.addr.com /usr13/home/oliverts/public_html/pics/college/movingin/images IM002730.jpg
2002.04.03 01:16 B C:\Documents and Settings\Oliver\Desktop\movingin\images\IM002731.jpg --> ftp.addr.com /usr13/home/oliverts/public_html/pics/college/movingin/images IM002731.jpg
2002.04.03 01:16 B C:\Documents and Settings\Oliver\Desktop\movingin\images\IM002732.jpg --> ftp.addr.com /usr13/home/oliverts/public_html/pics/college/movingin/images IM002732.jpg
2002.04.03 01:16 B C:\Documents and Settings\Oliver\Desktop\movingin\images\IM002733.jpg --> ftp.addr.com /usr13/home/oliverts/public_html/pics/college/movingin/images IM002733.jpg
2002.04.03 01:16 B C:\Documents and Settings\Oliver\Desktop\movingin\images\IM002734.jpg --> ftp.addr.com /usr13/home/oliverts/public_html/pics/college/movingin/images IM002734.jpg
2002.04.03 01:16 B C:\Documents and Settings\Oliver\Desktop\movingin\images\IM002735.jpg --> ftp.addr.com /usr13/home/oliverts/public_html/pics/college/movingin/images IM002735.jpg
2002.04.03 01:16 B C:\Documents and Settings\Oliver\Desktop\movingin\images\IM002736.jpg --> ftp.addr.com /usr13/home/oliverts/public_html/pics/college/movingin/images IM002736.jpg
2002.04.03 01:16 B C:\Documents and Settings\Oliver\Desktop\movingin\images\IM002737.jpg --> ftp.addr.com /usr13/home/oliverts/public_html/pics/college/movingin/images IM002737.jpg
2002.04.03 01:16 B C:\Documents and Settings\Oliver\Desktop\movingin\images\IM002738.jpg --> ftp.addr.com /usr13/home/oliverts/public_html/pics/college/movingin/images IM002738.jpg
2002.04.03 01:16 B C:\Documents and Settings\Oliver\Desktop\movingin\images\IM002739.jpg --> ftp.addr.com /usr13/home/oliverts/public_html/pics/college/movingin/images IM002739.jpg
2002.04.03 01:16 B C:\Documents and Settings\Oliver\Desktop\movingin\images\IM002740.jpg --> ftp.addr.com /usr13/home/oliverts/public_html/pics/college/movingin/images IM002740.jpg
2002.04.03 01:16 B C:\Documents and Settings\Oliver\Desktop\movingin\images\IM002743.jpg --> ftp.addr.com /usr13/home/oliverts/public_html/pics/college/movingin/images IM002743.jpg
2002.04.03 01:16 B C:\Documents and Settings\Oliver\Desktop\movingin\images\IM002744.jpg --> ftp.addr.com /usr13/home/oliverts/public_html/pics/college/movingin/images IM002744.jpg
2002.04.03 01:16 B C:\Documents and Settings\Oliver\Desktop\movingin\images\IM002745.jpg --> ftp.addr.com /usr13/home/oliverts/public_html/pics/college/movingin/images IM002745.jpg
2002.04.03 01:16 B C:\Documents and Settings\Oliver\Desktop\movingin\images\IM002746.jpg --> ftp.addr.com /usr13/home/oliverts/public_html/pics/college/movingin/images IM002746.jpg
2002.04.03 01:16 B C:\Documents and Settings\Oliver\Desktop\movingin\images\IM002747.jpg --> ftp.addr.com /usr13/home/oliverts/public_html/pics/college/movingin/images IM002747.jpg
2002.04.03 01:16 B C:\Documents and Settings\Oliver\Desktop\movingin\images\IM002748.jpg --> ftp.addr.com /usr13/home/oliverts/public_html/pics/college/movingin/images IM002748.jpg
2002.04.03 01:16 B C:\Documents and Settings\Oliver\Desktop\movingin\images\IM002749.jpg --> ftp.addr.com /usr13/home/oliverts/public_html/pics/college/movingin/images IM002749.jpg
2002.04.03 01:16 B C:\Documents and Settings\Oliver\Desktop\movingin\images\IM002750.jpg --> ftp.addr.com /usr13/home/oliverts/public_html/pics/college/movingin/images IM002750.jpg
2002.04.03 01:16 B C:\Documents and Settings\Oliver\Desktop\movingin\images\IM002751.jpg --> ftp.addr.com /usr13/home/oliverts/public_html/pics/college/movingin/images IM002751.jpg
2002.04.03 01:16 B C:\Documents and Settings\Oliver\Desktop\movingin\images\IM002752.jpg --> ftp.addr.com /usr13/home/oliverts/public_html/pics/college/movingin/images IM002752.jpg
2002.04.03 01:16 B C:\Documents and Settings\Oliver\Desktop\movingin\images\IM002753.jpg --> ftp.addr.com /usr13/home/oliverts/public_html/pics/college/movingin/images IM002753.jpg
2002.04.03 01:16 B C:\Documents and Settings\Oliver\Desktop\movingin\images\IM002754.jpg --> ftp.addr.com /usr13/home/oliverts/public_html/pics/college/movingin/images IM002754.jpg
2002.04.03 01:16 B C:\Documents and Settings\Oliver\Desktop\movingin\images\IM002755.jpg --> ftp.addr.com /usr13/home/oliverts/public_html/pics/college/movingin/images IM002755.jpg
2002.04.03 01:16 B C:\Documents and Settings\Oliver\Desktop\movingin\images\IM002756.jpg --> ftp.addr.com /usr13/home/oliverts/public_html/pics/college/movingin/images IM002756.jpg
2002.04.03 01:16 B C:\Documents and Settings\Oliver\Desktop\movingin\images\IM002757.jpg --> ftp.addr.com /usr13/home/oliverts/public_html/pics/college/movingin/images IM002757.jpg
2002.04.03 01:16 B C:\Documents and Settings\Oliver\Desktop\movingin\images\IM002758.jpg --> ftp.addr.com /usr13/home/oliverts/public_html/pics/college/movingin/images IM002758.jpg
2002.04.03 01:16 B C:\Documents and Settings\Oliver\Desktop\movingin\images\IM002759.jpg --> ftp.addr.com /usr13/home/oliverts/public_html/pics/college/movingin/images IM002759.jpg
2002.04.03 01:16 B C:\Documents and Settings\Oliver\Desktop\movingin\images\IM002760.jpg --> ftp.addr.com /usr13/home/oliverts/public_html/pics/college/movingin/images IM002760.jpg
2002.04.03 01:16 B C:\Documents and Settings\Oliver\Desktop\movingin\images\IM002785.jpg --> ftp.addr.com /usr13/home/oliverts/public_html/pics/college/movingin/images IM002785.jpg
2002.04.03 01:16 B C:\Documents and Settings\Oliver\Desktop\movingin\images\IM002786.jpg --> ftp.addr.com /usr13/home/oliverts/public_html/pics/college/movingin/images IM002786.jpg
2002.04.03 01:16 B C:\Documents and Settings\Oliver\Desktop\movingin\images\IM002787.jpg --> ftp.addr.com /usr13/home/oliverts/public_html/pics/college/movingin/images IM002787.jpg
2002.04.03 01:16 B C:\Documents and Settings\Oliver\Desktop\movingin\images\IM002789.jpg --> ftp.addr.com /usr13/home/oliverts/public_html/pics/college/movingin/images IM002789.jpg
2002.04.03 01:16 B C:\Documents and Settings\Oliver\Desktop\movingin\images\IM002790.jpg --> ftp.addr.com /usr13/home/oliverts/public_html/pics/college/movingin/images IM002790.jpg
2002.04.03 01:16 B C:\Documents and Settings\Oliver\Desktop\movingin\images\IM002798.jpg --> ftp.addr.com /usr13/home/oliverts/public_html/pics/college/movingin/images IM002798.jpg
2002.04.03 01:16 B C:\Documents and Settings\Oliver\Desktop\movingin\images\IM002799.jpg --> ftp.addr.com /usr13/home/oliverts/public_html/pics/college/movingin/images IM002799.jpg
2002.04.03 01:16 B C:\Documents and Settings\Oliver\Desktop\movingin\images\IM002800.jpg --> ftp.addr.com /usr13/home/oliverts/public_html/pics/college/movingin/images IM002800.jpg
2002.04.03 01:16 B C:\Documents and Settings\Oliver\Desktop\movingin\images\IM002801.jpg --> ftp.addr.com /usr13/home/oliverts/public_html/pics/college/movingin/images IM002801.jpg
2002.04.03 01:16 B C:\Documents and Settings\Oliver\Desktop\movingin\images\IM002802.jpg --> ftp.addr.com /usr13/home/oliverts/public_html/pics/college/movingin/images IM002802.jpg
2002.04.03 01:16 B C:\Documents and Settings\Oliver\Desktop\movingin\images\IM002806.jpg --> ftp.addr.com /usr13/home/oliverts/public_html/pics/college/movingin/images IM002806.jpg
2002.04.03 01:16 B C:\Documents and Settings\Oliver\Desktop\movingin\images\IM002807.jpg --> ftp.addr.com /usr13/home/oliverts/public_html/pics/college/movingin/images IM002807.jpg
2002.04.03 01:16 B C:\Documents and Settings\Oliver\Desktop\movingin\images\IM002808.jpg --> ftp.addr.com /usr13/home/oliverts/public_html/pics/college/movingin/images IM002808.jpg
2002.04.03 01:16 B C:\Documents and Settings\Oliver\Desktop\movingin\images\IM002809.jpg --> ftp.addr.com /usr13/home/oliverts/public_html/pics/college/movingin/images IM002809.jpg
2002.04.03 01:16 B C:\Documents and Settings\Oliver\Desktop\movingin\images\IM002810.jpg --> ftp.addr.com /usr13/home/oliverts/public_html/pics/college/movingin/images IM002810.jpg
2002.04.03 01:16 B C:\Documents and Settings\Oliver\Desktop\movingin\images\IM002811.jpg --> ftp.addr.com /usr13/home/oliverts/public_html/pics/college/movingin/images IM002811.jpg
2002.04.03 01:16 B C:\Documents and Settings\Oliver\Desktop\movingin\images\IM002812.jpg --> ftp.addr.com /usr13/home/oliverts/public_html/pics/college/movingin/images IM002812.jpg
2002.04.03 01:16 B C:\Documents and Settings\Oliver\Desktop\movingin\images\IM002816.jpg --> ftp.addr.com /usr13/home/oliverts/public_html/pics/college/movingin/images IM002816.jpg
2002.04.03 01:16 B C:\Documents and Settings\Oliver\Desktop\movingin\images\IM002818.jpg --> ftp.addr.com /usr13/home/oliverts/public_html/pics/college/movingin/images IM002818.jpg
2002.04.03 01:16 B C:\Documents and Settings\Oliver\Desktop\movingin\images\IM002820.jpg --> ftp.addr.com /usr13/home/oliverts/public_html/pics/college/movingin/images IM002820.jpg
2002.04.03 01:16 B C:\Documents and Settings\Oliver\Desktop\movingin\images\IM002822.jpg --> ftp.addr.com /usr13/home/oliverts/public_html/pics/college/movingin/images IM002822.jpg
2002.04.03 01:16 B C:\Documents and Settings\Oliver\Desktop\movingin\images\IM002823.jpg --> ftp.addr.com /usr13/home/oliverts/public_html/pics/college/movingin/images IM002823.jpg
2002.04.03 01:16 B C:\Documents and Settings\Oliver\Desktop\movingin\images\IM002824.jpg --> ftp.addr.com /usr13/home/oliverts/public_html/pics/college/movingin/images IM002824.jpg
2002.04.03 01:16 B C:\Documents and Settings\Oliver\Desktop\movingin\images\IM002830.jpg --> ftp.addr.com /usr13/home/oliverts/public_html/pics/college/movingin/images IM002830.jpg
2002.04.03 01:16 B C:\Documents and Settings\Oliver\Desktop\movingin\images\IM002831.jpg --> ftp.addr.com /usr13/home/oliverts/public_html/pics/college/movingin/images IM002831.jpg
2002.04.03 01:16 B C:\Documents and Settings\Oliver\Desktop\movingin\images\IM002834.jpg --> ftp.addr.com /usr13/home/oliverts/public_html/pics/college/movingin/images IM002834.jpg
2002.04.03 01:16 B C:\Documents and Settings\Oliver\Desktop\movingin\images\IM002835.jpg --> ftp.addr.com /usr13/home/oliverts/public_html/pics/college/movingin/images IM002835.jpg
2002.04.03 01:16 B C:\Documents and Settings\Oliver\Desktop\movingin\images\IM002836.jpg --> ftp.addr.com /usr13/home/oliverts/public_html/pics/college/movingin/images IM002836.jpg
2002.04.03 01:17 B C:\Documents and Settings\Oliver\Desktop\movingin\images\IM002837.jpg --> ftp.addr.com /usr13/home/oliverts/public_html/pics/college/movingin/images IM002837.jpg
2002.04.03 01:17 B C:\Documents and Settings\Oliver\Desktop\movingin\images\IM002838.jpg --> ftp.addr.com /usr13/home/oliverts/public_html/pics/college/movingin/images IM002838.jpg
2002.04.03 01:17 B C:\Documents and Settings\Oliver\Desktop\movingin\images\next.gif --> ftp.addr.com /usr13/home/oliverts/public_html/pics/college/movingin/images next.gif
2002.04.03 01:17 B C:\Documents and Settings\Oliver\Desktop\movingin\images\previous.gif --> ftp.addr.com /usr13/home/oliverts/public_html/pics/college/movingin/images previous.gif
