99.10.19 21:28 B C:\windows\desktop\oliver's stuff\oweb\pics\7\bloodsucking.jpg --> ftp.oliverweb.com /usr/home11/oliverts/public_html/pics/7 bloodsucking.jpg
99.10.19 21:28 A C:\windows\desktop\oliver's stuff\oweb\pics\7\index.shtml --> ftp.oliverweb.com /usr/home11/oliverts/public_html/pics/7 index.shtml
99.10.19 21:29 B C:\windows\desktop\oliver's stuff\oweb\pics\7\ochs.jpg --> ftp.oliverweb.com /usr/home11/oliverts/public_html/pics/7 ochs.jpg
99.10.19 21:29 B C:\windows\desktop\oliver's stuff\oweb\pics\7\olivia.jpg --> ftp.oliverweb.com /usr/home11/oliverts/public_html/pics/7 olivia.jpg
99.10.19 21:30 B C:\windows\desktop\oliver's stuff\oweb\pics\7\oriana.jpg --> ftp.oliverweb.com /usr/home11/oliverts/public_html/pics/7 oriana.jpg
99.10.19 21:33 B C:\windows\desktop\oliver's stuff\oweb\pics\7\bloodsucking.gif --> ftp.oliverweb.com /usr/home11/oliverts/public_html/pics/7 bloodsucking.gif
99.10.19 21:33 A C:\windows\desktop\oliver's stuff\oweb\pics\7\index.shtml --> ftp.oliverweb.com /usr/home11/oliverts/public_html/pics/7 index.shtml
99.10.19 21:33 B C:\windows\desktop\oliver's stuff\oweb\pics\7\ochs.gif --> ftp.oliverweb.com /usr/home11/oliverts/public_html/pics/7 ochs.gif
99.10.19 21:33 B C:\windows\desktop\oliver's stuff\oweb\pics\7\olivia.gif --> ftp.oliverweb.com /usr/home11/oliverts/public_html/pics/7 olivia.gif
99.10.19 21:34 B C:\windows\desktop\oliver's stuff\oweb\pics\7\oriana.gif --> ftp.oliverweb.com /usr/home11/oliverts/public_html/pics/7 oriana.gif
99.10.21 21:03 B C:\windows\desktop\oliver's stuff\oweb\pics\8\chad.gif --> ftp.oliverweb.com /usr/home11/oliverts/public_html/pics/8 chad.gif
99.10.21 21:03 A C:\windows\desktop\oliver's stuff\oweb\pics\8\index.shtml --> ftp.oliverweb.com /usr/home11/oliverts/public_html/pics/8 index.shtml
99.10.21 21:03 B C:\windows\desktop\oliver's stuff\oweb\pics\8\minix.gif --> ftp.oliverweb.com /usr/home11/oliverts/public_html/pics/8 minix.gif
99.10.21 21:04 B C:\windows\desktop\oliver's stuff\oweb\pics\8\ochs.gif --> ftp.oliverweb.com /usr/home11/oliverts/public_html/pics/8 ochs.gif
99.10.21 21:04 B C:\windows\desktop\oliver's stuff\oweb\pics\8\ochs2.gif --> ftp.oliverweb.com /usr/home11/oliverts/public_html/pics/8 ochs2.gif
2000.02.07 22:20 B C:\WINDOWS\Desktop\OliverWEB\pics\8\ws_ftp.log <-- OliverWEB /usr13/home/oliverts/public_html/pics/8 ws_ftp.log
2001.01.30 19:34 A F:\Oliver's StUfF\Websites\OliverWEB\pics\8\index.shtml --> ftp.oliverweb.com /usr13/home/oliverts/public_html/pics/8 index.shtml
2001.10.03 02:00 B C:\Documents and Settings\Oliver\Desktop\Oliver's StUfF\Websites\OliverWEB\pics\8\index.bak --> ftp.addr.com /usr13/home/oliverts/public_html/pics/8 index.bak
2001.10.03 02:00 B C:\Documents and Settings\Oliver\Desktop\Oliver's StUfF\Websites\OliverWEB\pics\8\chad.gif --> ftp.addr.com /usr13/home/oliverts/public_html/pics/8 chad.gif
2001.10.03 02:00 B C:\Documents and Settings\Oliver\Desktop\Oliver's StUfF\Websites\OliverWEB\pics\8\minix.gif --> ftp.addr.com /usr13/home/oliverts/public_html/pics/8 minix.gif
2001.10.03 02:00 B C:\Documents and Settings\Oliver\Desktop\Oliver's StUfF\Websites\OliverWEB\pics\8\ochs.gif --> ftp.addr.com /usr13/home/oliverts/public_html/pics/8 ochs.gif
2001.10.03 02:00 B C:\Documents and Settings\Oliver\Desktop\Oliver's StUfF\Websites\OliverWEB\pics\8\ochs2.gif --> ftp.addr.com /usr13/home/oliverts/public_html/pics/8 ochs2.gif
