2002.08.17 23:37 B C:\Documents and Settings\Oliver.FROGGER.000\Desktop\auglanparty\images\arrow.gif --> ftp.addr.com /usr13/home/oliverts/public_html/pics/college/auglanparty/images arrow.gif
2002.08.17 23:37 B C:\Documents and Settings\Oliver.FROGGER.000\Desktop\auglanparty\images\bkgnd.gif --> ftp.addr.com /usr13/home/oliverts/public_html/pics/college/auglanparty/images bkgnd.gif
2002.08.17 23:37 B C:\Documents and Settings\Oliver.FROGGER.000\Desktop\auglanparty\images\home.gif --> ftp.addr.com /usr13/home/oliverts/public_html/pics/college/auglanparty/images home.gif
2002.08.17 23:37 B C:\Documents and Settings\Oliver.FROGGER.000\Desktop\auglanparty\images\IM008149.jpg --> ftp.addr.com /usr13/home/oliverts/public_html/pics/college/auglanparty/images IM008149.jpg
2002.08.17 23:37 B C:\Documents and Settings\Oliver.FROGGER.000\Desktop\auglanparty\images\IM008150.jpg --> ftp.addr.com /usr13/home/oliverts/public_html/pics/college/auglanparty/images IM008150.jpg
2002.08.17 23:37 B C:\Documents and Settings\Oliver.FROGGER.000\Desktop\auglanparty\images\IM008151.jpg --> ftp.addr.com /usr13/home/oliverts/public_html/pics/college/auglanparty/images IM008151.jpg
2002.08.17 23:37 B C:\Documents and Settings\Oliver.FROGGER.000\Desktop\auglanparty\images\IM008152.jpg --> ftp.addr.com /usr13/home/oliverts/public_html/pics/college/auglanparty/images IM008152.jpg
2002.08.17 23:37 B C:\Documents and Settings\Oliver.FROGGER.000\Desktop\auglanparty\images\IM008153.jpg --> ftp.addr.com /usr13/home/oliverts/public_html/pics/college/auglanparty/images IM008153.jpg
2002.08.17 23:37 B C:\Documents and Settings\Oliver.FROGGER.000\Desktop\auglanparty\images\IM008154.jpg --> ftp.addr.com /usr13/home/oliverts/public_html/pics/college/auglanparty/images IM008154.jpg
2002.08.17 23:37 B C:\Documents and Settings\Oliver.FROGGER.000\Desktop\auglanparty\images\IM008155.jpg --> ftp.addr.com /usr13/home/oliverts/public_html/pics/college/auglanparty/images IM008155.jpg
2002.08.17 23:37 B C:\Documents and Settings\Oliver.FROGGER.000\Desktop\auglanparty\images\IM008157.jpg --> ftp.addr.com /usr13/home/oliverts/public_html/pics/college/auglanparty/images IM008157.jpg
2002.08.17 23:37 B C:\Documents and Settings\Oliver.FROGGER.000\Desktop\auglanparty\images\IM008159.jpg --> ftp.addr.com /usr13/home/oliverts/public_html/pics/college/auglanparty/images IM008159.jpg
2002.08.17 23:37 B C:\Documents and Settings\Oliver.FROGGER.000\Desktop\auglanparty\images\IM008160.jpg --> ftp.addr.com /usr13/home/oliverts/public_html/pics/college/auglanparty/images IM008160.jpg
2002.08.17 23:37 B C:\Documents and Settings\Oliver.FROGGER.000\Desktop\auglanparty\images\IM008161.jpg --> ftp.addr.com /usr13/home/oliverts/public_html/pics/college/auglanparty/images IM008161.jpg
2002.08.17 23:37 B C:\Documents and Settings\Oliver.FROGGER.000\Desktop\auglanparty\images\IM008162.jpg --> ftp.addr.com /usr13/home/oliverts/public_html/pics/college/auglanparty/images IM008162.jpg
2002.08.17 23:37 B C:\Documents and Settings\Oliver.FROGGER.000\Desktop\auglanparty\images\IM008163.jpg --> ftp.addr.com /usr13/home/oliverts/public_html/pics/college/auglanparty/images IM008163.jpg
2002.08.17 23:37 B C:\Documents and Settings\Oliver.FROGGER.000\Desktop\auglanparty\images\IM008164.jpg --> ftp.addr.com /usr13/home/oliverts/public_html/pics/college/auglanparty/images IM008164.jpg
2002.08.17 23:37 B C:\Documents and Settings\Oliver.FROGGER.000\Desktop\auglanparty\images\IM008165.jpg --> ftp.addr.com /usr13/home/oliverts/public_html/pics/college/auglanparty/images IM008165.jpg
2002.08.17 23:37 B C:\Documents and Settings\Oliver.FROGGER.000\Desktop\auglanparty\images\IM008166.jpg --> ftp.addr.com /usr13/home/oliverts/public_html/pics/college/auglanparty/images IM008166.jpg
2002.08.17 23:37 B C:\Documents and Settings\Oliver.FROGGER.000\Desktop\auglanparty\images\IM008167.jpg --> ftp.addr.com /usr13/home/oliverts/public_html/pics/college/auglanparty/images IM008167.jpg
2002.08.17 23:37 B C:\Documents and Settings\Oliver.FROGGER.000\Desktop\auglanparty\images\IM008168.jpg --> ftp.addr.com /usr13/home/oliverts/public_html/pics/college/auglanparty/images IM008168.jpg
2002.08.17 23:37 B C:\Documents and Settings\Oliver.FROGGER.000\Desktop\auglanparty\images\IM008169.jpg --> ftp.addr.com /usr13/home/oliverts/public_html/pics/college/auglanparty/images IM008169.jpg
2002.08.17 23:37 B C:\Documents and Settings\Oliver.FROGGER.000\Desktop\auglanparty\images\IM008170.jpg --> ftp.addr.com /usr13/home/oliverts/public_html/pics/college/auglanparty/images IM008170.jpg
2002.08.17 23:37 B C:\Documents and Settings\Oliver.FROGGER.000\Desktop\auglanparty\images\IM008171.jpg --> ftp.addr.com /usr13/home/oliverts/public_html/pics/college/auglanparty/images IM008171.jpg
2002.08.17 23:37 B C:\Documents and Settings\Oliver.FROGGER.000\Desktop\auglanparty\images\IM008172.jpg --> ftp.addr.com /usr13/home/oliverts/public_html/pics/college/auglanparty/images IM008172.jpg
2002.08.17 23:37 B C:\Documents and Settings\Oliver.FROGGER.000\Desktop\auglanparty\images\IM008173.jpg --> ftp.addr.com /usr13/home/oliverts/public_html/pics/college/auglanparty/images IM008173.jpg
2002.08.17 23:37 B C:\Documents and Settings\Oliver.FROGGER.000\Desktop\auglanparty\images\IM008174.jpg --> ftp.addr.com /usr13/home/oliverts/public_html/pics/college/auglanparty/images IM008174.jpg
2002.08.17 23:37 B C:\Documents and Settings\Oliver.FROGGER.000\Desktop\auglanparty\images\IM008175.jpg --> ftp.addr.com /usr13/home/oliverts/public_html/pics/college/auglanparty/images IM008175.jpg
2002.08.17 23:37 B C:\Documents and Settings\Oliver.FROGGER.000\Desktop\auglanparty\images\IM008176.jpg --> ftp.addr.com /usr13/home/oliverts/public_html/pics/college/auglanparty/images IM008176.jpg
2002.08.17 23:37 B C:\Documents and Settings\Oliver.FROGGER.000\Desktop\auglanparty\images\IM008177.jpg --> ftp.addr.com /usr13/home/oliverts/public_html/pics/college/auglanparty/images IM008177.jpg
2002.08.17 23:37 B C:\Documents and Settings\Oliver.FROGGER.000\Desktop\auglanparty\images\IM008178.jpg --> ftp.addr.com /usr13/home/oliverts/public_html/pics/college/auglanparty/images IM008178.jpg
2002.08.17 23:37 B C:\Documents and Settings\Oliver.FROGGER.000\Desktop\auglanparty\images\IM008179.jpg --> ftp.addr.com /usr13/home/oliverts/public_html/pics/college/auglanparty/images IM008179.jpg
2002.08.17 23:37 B C:\Documents and Settings\Oliver.FROGGER.000\Desktop\auglanparty\images\IM008180.jpg --> ftp.addr.com /usr13/home/oliverts/public_html/pics/college/auglanparty/images IM008180.jpg
2002.08.17 23:37 B C:\Documents and Settings\Oliver.FROGGER.000\Desktop\auglanparty\images\IM008181.jpg --> ftp.addr.com /usr13/home/oliverts/public_html/pics/college/auglanparty/images IM008181.jpg
2002.08.17 23:37 B C:\Documents and Settings\Oliver.FROGGER.000\Desktop\auglanparty\images\IM008182.jpg --> ftp.addr.com /usr13/home/oliverts/public_html/pics/college/auglanparty/images IM008182.jpg
2002.08.17 23:37 B C:\Documents and Settings\Oliver.FROGGER.000\Desktop\auglanparty\images\IM008183.jpg --> ftp.addr.com /usr13/home/oliverts/public_html/pics/college/auglanparty/images IM008183.jpg
2002.08.17 23:37 B C:\Documents and Settings\Oliver.FROGGER.000\Desktop\auglanparty\images\IM008184.jpg --> ftp.addr.com /usr13/home/oliverts/public_html/pics/college/auglanparty/images IM008184.jpg
2002.08.17 23:37 B C:\Documents and Settings\Oliver.FROGGER.000\Desktop\auglanparty\images\IM008185.jpg --> ftp.addr.com /usr13/home/oliverts/public_html/pics/college/auglanparty/images IM008185.jpg
2002.08.17 23:37 B C:\Documents and Settings\Oliver.FROGGER.000\Desktop\auglanparty\images\IM008186.jpg --> ftp.addr.com /usr13/home/oliverts/public_html/pics/college/auglanparty/images IM008186.jpg
2002.08.17 23:37 B C:\Documents and Settings\Oliver.FROGGER.000\Desktop\auglanparty\images\IM008187.jpg --> ftp.addr.com /usr13/home/oliverts/public_html/pics/college/auglanparty/images IM008187.jpg
2002.08.17 23:37 B C:\Documents and Settings\Oliver.FROGGER.000\Desktop\auglanparty\images\IM008190.jpg --> ftp.addr.com /usr13/home/oliverts/public_html/pics/college/auglanparty/images IM008190.jpg
2002.08.17 23:37 B C:\Documents and Settings\Oliver.FROGGER.000\Desktop\auglanparty\images\IM008191.jpg --> ftp.addr.com /usr13/home/oliverts/public_html/pics/college/auglanparty/images IM008191.jpg
2002.08.17 23:37 B C:\Documents and Settings\Oliver.FROGGER.000\Desktop\auglanparty\images\IM008194.jpg --> ftp.addr.com /usr13/home/oliverts/public_html/pics/college/auglanparty/images IM008194.jpg
2002.08.17 23:37 B C:\Documents and Settings\Oliver.FROGGER.000\Desktop\auglanparty\images\IM008195.jpg --> ftp.addr.com /usr13/home/oliverts/public_html/pics/college/auglanparty/images IM008195.jpg
2002.08.17 23:37 B C:\Documents and Settings\Oliver.FROGGER.000\Desktop\auglanparty\images\IM008196.jpg --> ftp.addr.com /usr13/home/oliverts/public_html/pics/college/auglanparty/images IM008196.jpg
2002.08.17 23:37 B C:\Documents and Settings\Oliver.FROGGER.000\Desktop\auglanparty\images\IM008197.jpg --> ftp.addr.com /usr13/home/oliverts/public_html/pics/college/auglanparty/images IM008197.jpg
2002.08.17 23:37 B C:\Documents and Settings\Oliver.FROGGER.000\Desktop\auglanparty\images\IM008198.jpg --> ftp.addr.com /usr13/home/oliverts/public_html/pics/college/auglanparty/images IM008198.jpg
2002.08.17 23:38 B C:\Documents and Settings\Oliver.FROGGER.000\Desktop\auglanparty\images\IM008199.jpg --> ftp.addr.com /usr13/home/oliverts/public_html/pics/college/auglanparty/images IM008199.jpg
2002.08.17 23:38 B C:\Documents and Settings\Oliver.FROGGER.000\Desktop\auglanparty\images\IM008200.jpg --> ftp.addr.com /usr13/home/oliverts/public_html/pics/college/auglanparty/images IM008200.jpg
2002.08.17 23:38 B C:\Documents and Settings\Oliver.FROGGER.000\Desktop\auglanparty\images\IM008201.jpg --> ftp.addr.com /usr13/home/oliverts/public_html/pics/college/auglanparty/images IM008201.jpg
2002.08.17 23:38 B C:\Documents and Settings\Oliver.FROGGER.000\Desktop\auglanparty\images\IM008202.jpg --> ftp.addr.com /usr13/home/oliverts/public_html/pics/college/auglanparty/images IM008202.jpg
2002.08.17 23:38 B C:\Documents and Settings\Oliver.FROGGER.000\Desktop\auglanparty\images\IM008203.jpg --> ftp.addr.com /usr13/home/oliverts/public_html/pics/college/auglanparty/images IM008203.jpg
2002.08.17 23:38 B C:\Documents and Settings\Oliver.FROGGER.000\Desktop\auglanparty\images\IM008204.jpg --> ftp.addr.com /usr13/home/oliverts/public_html/pics/college/auglanparty/images IM008204.jpg
2002.08.17 23:38 B C:\Documents and Settings\Oliver.FROGGER.000\Desktop\auglanparty\images\IM008205.jpg --> ftp.addr.com /usr13/home/oliverts/public_html/pics/college/auglanparty/images IM008205.jpg
2002.08.17 23:38 B C:\Documents and Settings\Oliver.FROGGER.000\Desktop\auglanparty\images\IM008206.jpg --> ftp.addr.com /usr13/home/oliverts/public_html/pics/college/auglanparty/images IM008206.jpg
2002.08.17 23:38 B C:\Documents and Settings\Oliver.FROGGER.000\Desktop\auglanparty\images\IM008208.jpg --> ftp.addr.com /usr13/home/oliverts/public_html/pics/college/auglanparty/images IM008208.jpg
2002.08.17 23:38 B C:\Documents and Settings\Oliver.FROGGER.000\Desktop\auglanparty\images\IM008209.jpg --> ftp.addr.com /usr13/home/oliverts/public_html/pics/college/auglanparty/images IM008209.jpg
2002.08.17 23:38 B C:\Documents and Settings\Oliver.FROGGER.000\Desktop\auglanparty\images\IM008210.jpg --> ftp.addr.com /usr13/home/oliverts/public_html/pics/college/auglanparty/images IM008210.jpg
2002.08.17 23:38 B C:\Documents and Settings\Oliver.FROGGER.000\Desktop\auglanparty\images\IM008211.jpg --> ftp.addr.com /usr13/home/oliverts/public_html/pics/college/auglanparty/images IM008211.jpg
2002.08.17 23:38 B C:\Documents and Settings\Oliver.FROGGER.000\Desktop\auglanparty\images\IM008212.jpg --> ftp.addr.com /usr13/home/oliverts/public_html/pics/college/auglanparty/images IM008212.jpg
2002.08.17 23:38 B C:\Documents and Settings\Oliver.FROGGER.000\Desktop\auglanparty\images\IM008213.jpg --> ftp.addr.com /usr13/home/oliverts/public_html/pics/college/auglanparty/images IM008213.jpg
2002.08.17 23:38 B C:\Documents and Settings\Oliver.FROGGER.000\Desktop\auglanparty\images\IM008214.jpg --> ftp.addr.com /usr13/home/oliverts/public_html/pics/college/auglanparty/images IM008214.jpg
2002.08.17 23:38 B C:\Documents and Settings\Oliver.FROGGER.000\Desktop\auglanparty\images\IM008215.jpg --> ftp.addr.com /usr13/home/oliverts/public_html/pics/college/auglanparty/images IM008215.jpg
2002.08.17 23:38 B C:\Documents and Settings\Oliver.FROGGER.000\Desktop\auglanparty\images\IM008216.jpg --> ftp.addr.com /usr13/home/oliverts/public_html/pics/college/auglanparty/images IM008216.jpg
2002.08.17 23:38 B C:\Documents and Settings\Oliver.FROGGER.000\Desktop\auglanparty\images\IM008217.jpg --> ftp.addr.com /usr13/home/oliverts/public_html/pics/college/auglanparty/images IM008217.jpg
2002.08.17 23:38 B C:\Documents and Settings\Oliver.FROGGER.000\Desktop\auglanparty\images\IM008218.jpg --> ftp.addr.com /usr13/home/oliverts/public_html/pics/college/auglanparty/images IM008218.jpg
2002.08.17 23:38 B C:\Documents and Settings\Oliver.FROGGER.000\Desktop\auglanparty\images\IM008219.jpg --> ftp.addr.com /usr13/home/oliverts/public_html/pics/college/auglanparty/images IM008219.jpg
2002.08.17 23:38 B C:\Documents and Settings\Oliver.FROGGER.000\Desktop\auglanparty\images\IM008220.jpg --> ftp.addr.com /usr13/home/oliverts/public_html/pics/college/auglanparty/images IM008220.jpg
2002.08.17 23:38 B C:\Documents and Settings\Oliver.FROGGER.000\Desktop\auglanparty\images\IM008221.jpg --> ftp.addr.com /usr13/home/oliverts/public_html/pics/college/auglanparty/images IM008221.jpg
2002.08.17 23:38 B C:\Documents and Settings\Oliver.FROGGER.000\Desktop\auglanparty\images\IM008222.jpg --> ftp.addr.com /usr13/home/oliverts/public_html/pics/college/auglanparty/images IM008222.jpg
2002.08.17 23:38 B C:\Documents and Settings\Oliver.FROGGER.000\Desktop\auglanparty\images\IM008223.jpg --> ftp.addr.com /usr13/home/oliverts/public_html/pics/college/auglanparty/images IM008223.jpg
2002.08.17 23:38 B C:\Documents and Settings\Oliver.FROGGER.000\Desktop\auglanparty\images\IM008227.jpg --> ftp.addr.com /usr13/home/oliverts/public_html/pics/college/auglanparty/images IM008227.jpg
2002.08.17 23:38 B C:\Documents and Settings\Oliver.FROGGER.000\Desktop\auglanparty\images\IM008231.jpg --> ftp.addr.com /usr13/home/oliverts/public_html/pics/college/auglanparty/images IM008231.jpg
2002.08.17 23:38 B C:\Documents and Settings\Oliver.FROGGER.000\Desktop\auglanparty\images\IM008232.jpg --> ftp.addr.com /usr13/home/oliverts/public_html/pics/college/auglanparty/images IM008232.jpg
2002.08.17 23:38 B C:\Documents and Settings\Oliver.FROGGER.000\Desktop\auglanparty\images\IM008233.jpg --> ftp.addr.com /usr13/home/oliverts/public_html/pics/college/auglanparty/images IM008233.jpg
2002.08.17 23:38 B C:\Documents and Settings\Oliver.FROGGER.000\Desktop\auglanparty\images\IM008234.jpg --> ftp.addr.com /usr13/home/oliverts/public_html/pics/college/auglanparty/images IM008234.jpg
2002.08.17 23:38 B C:\Documents and Settings\Oliver.FROGGER.000\Desktop\auglanparty\images\IM008235.jpg --> ftp.addr.com /usr13/home/oliverts/public_html/pics/college/auglanparty/images IM008235.jpg
2002.08.17 23:38 B C:\Documents and Settings\Oliver.FROGGER.000\Desktop\auglanparty\images\IM008238.jpg --> ftp.addr.com /usr13/home/oliverts/public_html/pics/college/auglanparty/images IM008238.jpg
2002.08.17 23:38 B C:\Documents and Settings\Oliver.FROGGER.000\Desktop\auglanparty\images\IM008239.jpg --> ftp.addr.com /usr13/home/oliverts/public_html/pics/college/auglanparty/images IM008239.jpg
2002.08.17 23:38 B C:\Documents and Settings\Oliver.FROGGER.000\Desktop\auglanparty\images\IM008240.jpg --> ftp.addr.com /usr13/home/oliverts/public_html/pics/college/auglanparty/images IM008240.jpg
2002.08.17 23:38 B C:\Documents and Settings\Oliver.FROGGER.000\Desktop\auglanparty\images\IM008241.jpg --> ftp.addr.com /usr13/home/oliverts/public_html/pics/college/auglanparty/images IM008241.jpg
2002.08.17 23:38 B C:\Documents and Settings\Oliver.FROGGER.000\Desktop\auglanparty\images\IM008242.jpg --> ftp.addr.com /usr13/home/oliverts/public_html/pics/college/auglanparty/images IM008242.jpg
2002.08.17 23:38 B C:\Documents and Settings\Oliver.FROGGER.000\Desktop\auglanparty\images\IM008243.jpg --> ftp.addr.com /usr13/home/oliverts/public_html/pics/college/auglanparty/images IM008243.jpg
2002.08.17 23:38 B C:\Documents and Settings\Oliver.FROGGER.000\Desktop\auglanparty\images\IM008244.jpg --> ftp.addr.com /usr13/home/oliverts/public_html/pics/college/auglanparty/images IM008244.jpg
2002.08.17 23:38 B C:\Documents and Settings\Oliver.FROGGER.000\Desktop\auglanparty\images\IM008245.jpg --> ftp.addr.com /usr13/home/oliverts/public_html/pics/college/auglanparty/images IM008245.jpg
2002.08.17 23:38 B C:\Documents and Settings\Oliver.FROGGER.000\Desktop\auglanparty\images\IM008248.jpg --> ftp.addr.com /usr13/home/oliverts/public_html/pics/college/auglanparty/images IM008248.jpg
2002.08.17 23:38 B C:\Documents and Settings\Oliver.FROGGER.000\Desktop\auglanparty\images\IM008249.jpg --> ftp.addr.com /usr13/home/oliverts/public_html/pics/college/auglanparty/images IM008249.jpg
2002.08.17 23:38 B C:\Documents and Settings\Oliver.FROGGER.000\Desktop\auglanparty\images\IM008250.jpg --> ftp.addr.com /usr13/home/oliverts/public_html/pics/college/auglanparty/images IM008250.jpg
2002.08.17 23:38 B C:\Documents and Settings\Oliver.FROGGER.000\Desktop\auglanparty\images\IM008252.jpg --> ftp.addr.com /usr13/home/oliverts/public_html/pics/college/auglanparty/images IM008252.jpg
2002.08.17 23:38 B C:\Documents and Settings\Oliver.FROGGER.000\Desktop\auglanparty\images\IM008253.jpg --> ftp.addr.com /usr13/home/oliverts/public_html/pics/college/auglanparty/images IM008253.jpg
2002.08.17 23:38 B C:\Documents and Settings\Oliver.FROGGER.000\Desktop\auglanparty\images\IM008254.jpg --> ftp.addr.com /usr13/home/oliverts/public_html/pics/college/auglanparty/images IM008254.jpg
2002.08.17 23:38 B C:\Documents and Settings\Oliver.FROGGER.000\Desktop\auglanparty\images\IM008255.jpg --> ftp.addr.com /usr13/home/oliverts/public_html/pics/college/auglanparty/images IM008255.jpg
2002.08.17 23:38 B C:\Documents and Settings\Oliver.FROGGER.000\Desktop\auglanparty\images\IM008256.jpg --> ftp.addr.com /usr13/home/oliverts/public_html/pics/college/auglanparty/images IM008256.jpg
2002.08.17 23:38 B C:\Documents and Settings\Oliver.FROGGER.000\Desktop\auglanparty\images\IM008257.jpg --> ftp.addr.com /usr13/home/oliverts/public_html/pics/college/auglanparty/images IM008257.jpg
2002.08.17 23:38 B C:\Documents and Settings\Oliver.FROGGER.000\Desktop\auglanparty\images\IM008262.jpg --> ftp.addr.com /usr13/home/oliverts/public_html/pics/college/auglanparty/images IM008262.jpg
2002.08.17 23:38 B C:\Documents and Settings\Oliver.FROGGER.000\Desktop\auglanparty\images\IM008267.jpg --> ftp.addr.com /usr13/home/oliverts/public_html/pics/college/auglanparty/images IM008267.jpg
2002.08.17 23:38 B C:\Documents and Settings\Oliver.FROGGER.000\Desktop\auglanparty\images\IM008268.jpg --> ftp.addr.com /usr13/home/oliverts/public_html/pics/college/auglanparty/images IM008268.jpg
2002.08.17 23:38 B C:\Documents and Settings\Oliver.FROGGER.000\Desktop\auglanparty\images\IM008269.jpg --> ftp.addr.com /usr13/home/oliverts/public_html/pics/college/auglanparty/images IM008269.jpg
2002.08.17 23:38 B C:\Documents and Settings\Oliver.FROGGER.000\Desktop\auglanparty\images\IM008270.jpg --> ftp.addr.com /usr13/home/oliverts/public_html/pics/college/auglanparty/images IM008270.jpg
2002.08.17 23:38 B C:\Documents and Settings\Oliver.FROGGER.000\Desktop\auglanparty\images\IM008271.jpg --> ftp.addr.com /usr13/home/oliverts/public_html/pics/college/auglanparty/images IM008271.jpg
2002.08.17 23:38 B C:\Documents and Settings\Oliver.FROGGER.000\Desktop\auglanparty\images\IM008273.jpg --> ftp.addr.com /usr13/home/oliverts/public_html/pics/college/auglanparty/images IM008273.jpg
2002.08.17 23:38 B C:\Documents and Settings\Oliver.FROGGER.000\Desktop\auglanparty\images\next.gif --> ftp.addr.com /usr13/home/oliverts/public_html/pics/college/auglanparty/images next.gif
2002.08.17 23:38 B C:\Documents and Settings\Oliver.FROGGER.000\Desktop\auglanparty\images\previous.gif --> ftp.addr.com /usr13/home/oliverts/public_html/pics/college/auglanparty/images previous.gif
2002.08.17 23:45 B C:\Documents and Settings\Oliver.FROGGER.000\Desktop\auglanparty\images\arrow.gif --> ftp.addr.com directory identifier unavailable arrow.gif
2002.08.17 23:45 B C:\Documents and Settings\Oliver.FROGGER.000\Desktop\auglanparty\images\bkgnd.gif --> ftp.addr.com directory identifier unavailable bkgnd.gif
2002.08.17 23:45 B C:\Documents and Settings\Oliver.FROGGER.000\Desktop\auglanparty\images\home.gif --> ftp.addr.com directory identifier unavailable home.gif
2002.08.17 23:45 B C:\Documents and Settings\Oliver.FROGGER.000\Desktop\auglanparty\images\IM008149.jpg --> ftp.addr.com directory identifier unavailable IM008149.jpg
2002.08.17 23:45 B C:\Documents and Settings\Oliver.FROGGER.000\Desktop\auglanparty\images\IM008150.jpg --> ftp.addr.com directory identifier unavailable IM008150.jpg
2002.08.17 23:45 B C:\Documents and Settings\Oliver.FROGGER.000\Desktop\auglanparty\images\IM008151.jpg --> ftp.addr.com directory identifier unavailable IM008151.jpg
2002.08.17 23:45 B C:\Documents and Settings\Oliver.FROGGER.000\Desktop\auglanparty\images\IM008152.jpg --> ftp.addr.com directory identifier unavailable IM008152.jpg
2002.08.17 23:45 B C:\Documents and Settings\Oliver.FROGGER.000\Desktop\auglanparty\images\IM008153.jpg --> ftp.addr.com directory identifier unavailable IM008153.jpg
2002.08.17 23:45 B C:\Documents and Settings\Oliver.FROGGER.000\Desktop\auglanparty\images\IM008154.jpg --> ftp.addr.com directory identifier unavailable IM008154.jpg
2002.08.17 23:45 B C:\Documents and Settings\Oliver.FROGGER.000\Desktop\auglanparty\images\IM008155.jpg --> ftp.addr.com directory identifier unavailable IM008155.jpg
2002.08.17 23:45 B C:\Documents and Settings\Oliver.FROGGER.000\Desktop\auglanparty\images\IM008157.jpg --> ftp.addr.com directory identifier unavailable IM008157.jpg
2002.08.17 23:45 B C:\Documents and Settings\Oliver.FROGGER.000\Desktop\auglanparty\images\IM008159.jpg --> ftp.addr.com directory identifier unavailable IM008159.jpg
2002.08.17 23:45 B C:\Documents and Settings\Oliver.FROGGER.000\Desktop\auglanparty\images\IM008160.jpg --> ftp.addr.com directory identifier unavailable IM008160.jpg
2002.08.17 23:45 B C:\Documents and Settings\Oliver.FROGGER.000\Desktop\auglanparty\images\IM008161.jpg --> ftp.addr.com directory identifier unavailable IM008161.jpg
2002.08.17 23:45 B C:\Documents and Settings\Oliver.FROGGER.000\Desktop\auglanparty\images\IM008162.jpg --> ftp.addr.com directory identifier unavailable IM008162.jpg
2002.08.17 23:45 B C:\Documents and Settings\Oliver.FROGGER.000\Desktop\auglanparty\images\IM008163.jpg --> ftp.addr.com directory identifier unavailable IM008163.jpg
2002.08.17 23:45 B C:\Documents and Settings\Oliver.FROGGER.000\Desktop\auglanparty\images\IM008164.jpg --> ftp.addr.com directory identifier unavailable IM008164.jpg
2002.08.17 23:45 B C:\Documents and Settings\Oliver.FROGGER.000\Desktop\auglanparty\images\IM008165.jpg --> ftp.addr.com directory identifier unavailable IM008165.jpg
2002.08.17 23:45 B C:\Documents and Settings\Oliver.FROGGER.000\Desktop\auglanparty\images\IM008166.jpg --> ftp.addr.com directory identifier unavailable IM008166.jpg
2002.08.17 23:45 B C:\Documents and Settings\Oliver.FROGGER.000\Desktop\auglanparty\images\IM008167.jpg --> ftp.addr.com directory identifier unavailable IM008167.jpg
2002.08.17 23:45 B C:\Documents and Settings\Oliver.FROGGER.000\Desktop\auglanparty\images\IM008168.jpg --> ftp.addr.com directory identifier unavailable IM008168.jpg
2002.08.17 23:45 B C:\Documents and Settings\Oliver.FROGGER.000\Desktop\auglanparty\images\IM008169.jpg --> ftp.addr.com directory identifier unavailable IM008169.jpg
2002.08.17 23:45 B C:\Documents and Settings\Oliver.FROGGER.000\Desktop\auglanparty\images\IM008170.jpg --> ftp.addr.com directory identifier unavailable IM008170.jpg
2002.08.17 23:45 B C:\Documents and Settings\Oliver.FROGGER.000\Desktop\auglanparty\images\IM008171.jpg --> ftp.addr.com directory identifier unavailable IM008171.jpg
2002.08.17 23:45 B C:\Documents and Settings\Oliver.FROGGER.000\Desktop\auglanparty\images\IM008172.jpg --> ftp.addr.com directory identifier unavailable IM008172.jpg
2002.08.17 23:45 B C:\Documents and Settings\Oliver.FROGGER.000\Desktop\auglanparty\images\IM008173.jpg --> ftp.addr.com directory identifier unavailable IM008173.jpg
2002.08.17 23:45 B C:\Documents and Settings\Oliver.FROGGER.000\Desktop\auglanparty\images\IM008174.jpg --> ftp.addr.com directory identifier unavailable IM008174.jpg
2002.08.17 23:45 B C:\Documents and Settings\Oliver.FROGGER.000\Desktop\auglanparty\images\IM008175.jpg --> ftp.addr.com directory identifier unavailable IM008175.jpg
2002.08.17 23:45 B C:\Documents and Settings\Oliver.FROGGER.000\Desktop\auglanparty\images\IM008176.jpg --> ftp.addr.com directory identifier unavailable IM008176.jpg
2002.08.17 23:45 B C:\Documents and Settings\Oliver.FROGGER.000\Desktop\auglanparty\images\IM008177.jpg --> ftp.addr.com directory identifier unavailable IM008177.jpg
2002.08.17 23:45 B C:\Documents and Settings\Oliver.FROGGER.000\Desktop\auglanparty\images\IM008178.jpg --> ftp.addr.com directory identifier unavailable IM008178.jpg
2002.08.17 23:45 B C:\Documents and Settings\Oliver.FROGGER.000\Desktop\auglanparty\images\IM008179.jpg --> ftp.addr.com directory identifier unavailable IM008179.jpg
2002.08.17 23:45 B C:\Documents and Settings\Oliver.FROGGER.000\Desktop\auglanparty\images\IM008180.jpg --> ftp.addr.com directory identifier unavailable IM008180.jpg
2002.08.17 23:45 B C:\Documents and Settings\Oliver.FROGGER.000\Desktop\auglanparty\images\IM008181.jpg --> ftp.addr.com directory identifier unavailable IM008181.jpg
2002.08.17 23:45 B C:\Documents and Settings\Oliver.FROGGER.000\Desktop\auglanparty\images\IM008182.jpg --> ftp.addr.com directory identifier unavailable IM008182.jpg
2002.08.17 23:45 B C:\Documents and Settings\Oliver.FROGGER.000\Desktop\auglanparty\images\IM008183.jpg --> ftp.addr.com directory identifier unavailable IM008183.jpg
2002.08.17 23:45 B C:\Documents and Settings\Oliver.FROGGER.000\Desktop\auglanparty\images\IM008184.jpg --> ftp.addr.com directory identifier unavailable IM008184.jpg
2002.08.17 23:45 B C:\Documents and Settings\Oliver.FROGGER.000\Desktop\auglanparty\images\IM008185.jpg --> ftp.addr.com directory identifier unavailable IM008185.jpg
2002.08.17 23:45 B C:\Documents and Settings\Oliver.FROGGER.000\Desktop\auglanparty\images\IM008186.jpg --> ftp.addr.com directory identifier unavailable IM008186.jpg
2002.08.17 23:45 B C:\Documents and Settings\Oliver.FROGGER.000\Desktop\auglanparty\images\IM008187.jpg --> ftp.addr.com directory identifier unavailable IM008187.jpg
2002.08.17 23:45 B C:\Documents and Settings\Oliver.FROGGER.000\Desktop\auglanparty\images\IM008190.jpg --> ftp.addr.com directory identifier unavailable IM008190.jpg
2002.08.17 23:45 B C:\Documents and Settings\Oliver.FROGGER.000\Desktop\auglanparty\images\IM008191.jpg --> ftp.addr.com directory identifier unavailable IM008191.jpg
2002.08.17 23:45 B C:\Documents and Settings\Oliver.FROGGER.000\Desktop\auglanparty\images\IM008194.jpg --> ftp.addr.com directory identifier unavailable IM008194.jpg
2002.08.17 23:45 B C:\Documents and Settings\Oliver.FROGGER.000\Desktop\auglanparty\images\IM008195.jpg --> ftp.addr.com directory identifier unavailable IM008195.jpg
2002.08.17 23:45 B C:\Documents and Settings\Oliver.FROGGER.000\Desktop\auglanparty\images\IM008196.jpg --> ftp.addr.com directory identifier unavailable IM008196.jpg
2002.08.17 23:45 B C:\Documents and Settings\Oliver.FROGGER.000\Desktop\auglanparty\images\IM008197.jpg --> ftp.addr.com directory identifier unavailable IM008197.jpg
2002.08.17 23:45 B C:\Documents and Settings\Oliver.FROGGER.000\Desktop\auglanparty\images\IM008198.jpg --> ftp.addr.com directory identifier unavailable IM008198.jpg
2002.08.17 23:45 B C:\Documents and Settings\Oliver.FROGGER.000\Desktop\auglanparty\images\IM008199.jpg --> ftp.addr.com directory identifier unavailable IM008199.jpg
2002.08.17 23:45 B C:\Documents and Settings\Oliver.FROGGER.000\Desktop\auglanparty\images\IM008200.jpg --> ftp.addr.com directory identifier unavailable IM008200.jpg
2002.08.17 23:45 B C:\Documents and Settings\Oliver.FROGGER.000\Desktop\auglanparty\images\IM008201.jpg --> ftp.addr.com directory identifier unavailable IM008201.jpg
2002.08.17 23:45 B C:\Documents and Settings\Oliver.FROGGER.000\Desktop\auglanparty\images\IM008202.jpg --> ftp.addr.com directory identifier unavailable IM008202.jpg
2002.08.17 23:45 B C:\Documents and Settings\Oliver.FROGGER.000\Desktop\auglanparty\images\IM008203.jpg --> ftp.addr.com directory identifier unavailable IM008203.jpg
2002.08.17 23:45 B C:\Documents and Settings\Oliver.FROGGER.000\Desktop\auglanparty\images\IM008204.jpg --> ftp.addr.com directory identifier unavailable IM008204.jpg
2002.08.17 23:45 B C:\Documents and Settings\Oliver.FROGGER.000\Desktop\auglanparty\images\IM008205.jpg --> ftp.addr.com directory identifier unavailable IM008205.jpg
2002.08.17 23:45 B C:\Documents and Settings\Oliver.FROGGER.000\Desktop\auglanparty\images\IM008206.jpg --> ftp.addr.com directory identifier unavailable IM008206.jpg
2002.08.17 23:45 B C:\Documents and Settings\Oliver.FROGGER.000\Desktop\auglanparty\images\IM008208.jpg --> ftp.addr.com directory identifier unavailable IM008208.jpg
2002.08.17 23:45 B C:\Documents and Settings\Oliver.FROGGER.000\Desktop\auglanparty\images\IM008209.jpg --> ftp.addr.com directory identifier unavailable IM008209.jpg
2002.08.17 23:45 B C:\Documents and Settings\Oliver.FROGGER.000\Desktop\auglanparty\images\IM008210.jpg --> ftp.addr.com directory identifier unavailable IM008210.jpg
2002.08.17 23:45 B C:\Documents and Settings\Oliver.FROGGER.000\Desktop\auglanparty\images\IM008211.jpg --> ftp.addr.com directory identifier unavailable IM008211.jpg
2002.08.17 23:45 B C:\Documents and Settings\Oliver.FROGGER.000\Desktop\auglanparty\images\IM008212.jpg --> ftp.addr.com directory identifier unavailable IM008212.jpg
2002.08.17 23:45 B C:\Documents and Settings\Oliver.FROGGER.000\Desktop\auglanparty\images\IM008213.jpg --> ftp.addr.com directory identifier unavailable IM008213.jpg
2002.08.17 23:45 B C:\Documents and Settings\Oliver.FROGGER.000\Desktop\auglanparty\images\IM008214.jpg --> ftp.addr.com directory identifier unavailable IM008214.jpg
2002.08.17 23:45 B C:\Documents and Settings\Oliver.FROGGER.000\Desktop\auglanparty\images\IM008215.jpg --> ftp.addr.com directory identifier unavailable IM008215.jpg
2002.08.17 23:45 B C:\Documents and Settings\Oliver.FROGGER.000\Desktop\auglanparty\images\IM008216.jpg --> ftp.addr.com directory identifier unavailable IM008216.jpg
2002.08.17 23:45 B C:\Documents and Settings\Oliver.FROGGER.000\Desktop\auglanparty\images\IM008217.jpg --> ftp.addr.com directory identifier unavailable IM008217.jpg
2002.08.17 23:45 B C:\Documents and Settings\Oliver.FROGGER.000\Desktop\auglanparty\images\IM008218.jpg --> ftp.addr.com directory identifier unavailable IM008218.jpg
2002.08.17 23:45 B C:\Documents and Settings\Oliver.FROGGER.000\Desktop\auglanparty\images\IM008219.jpg --> ftp.addr.com directory identifier unavailable IM008219.jpg
2002.08.17 23:45 B C:\Documents and Settings\Oliver.FROGGER.000\Desktop\auglanparty\images\IM008220.jpg --> ftp.addr.com directory identifier unavailable IM008220.jpg
2002.08.17 23:45 B C:\Documents and Settings\Oliver.FROGGER.000\Desktop\auglanparty\images\IM008221.jpg --> ftp.addr.com directory identifier unavailable IM008221.jpg
2002.08.17 23:45 B C:\Documents and Settings\Oliver.FROGGER.000\Desktop\auglanparty\images\IM008222.jpg --> ftp.addr.com directory identifier unavailable IM008222.jpg
2002.08.17 23:45 B C:\Documents and Settings\Oliver.FROGGER.000\Desktop\auglanparty\images\IM008223.jpg --> ftp.addr.com directory identifier unavailable IM008223.jpg
2002.08.17 23:45 B C:\Documents and Settings\Oliver.FROGGER.000\Desktop\auglanparty\images\IM008227.jpg --> ftp.addr.com directory identifier unavailable IM008227.jpg
2002.08.17 23:45 B C:\Documents and Settings\Oliver.FROGGER.000\Desktop\auglanparty\images\IM008231.jpg --> ftp.addr.com directory identifier unavailable IM008231.jpg
2002.08.17 23:45 B C:\Documents and Settings\Oliver.FROGGER.000\Desktop\auglanparty\images\IM008232.jpg --> ftp.addr.com directory identifier unavailable IM008232.jpg
2002.08.17 23:45 B C:\Documents and Settings\Oliver.FROGGER.000\Desktop\auglanparty\images\IM008233.jpg --> ftp.addr.com directory identifier unavailable IM008233.jpg
2002.08.17 23:45 B C:\Documents and Settings\Oliver.FROGGER.000\Desktop\auglanparty\images\IM008234.jpg --> ftp.addr.com directory identifier unavailable IM008234.jpg
2002.08.17 23:46 B C:\Documents and Settings\Oliver.FROGGER.000\Desktop\auglanparty\images\IM008235.jpg --> ftp.addr.com directory identifier unavailable IM008235.jpg
2002.08.17 23:46 B C:\Documents and Settings\Oliver.FROGGER.000\Desktop\auglanparty\images\IM008238.jpg --> ftp.addr.com directory identifier unavailable IM008238.jpg
2002.08.17 23:46 B C:\Documents and Settings\Oliver.FROGGER.000\Desktop\auglanparty\images\IM008239.jpg --> ftp.addr.com directory identifier unavailable IM008239.jpg
2002.08.17 23:46 B C:\Documents and Settings\Oliver.FROGGER.000\Desktop\auglanparty\images\IM008240.jpg --> ftp.addr.com directory identifier unavailable IM008240.jpg
2002.08.17 23:46 B C:\Documents and Settings\Oliver.FROGGER.000\Desktop\auglanparty\images\IM008241.jpg --> ftp.addr.com directory identifier unavailable IM008241.jpg
2002.08.17 23:46 B C:\Documents and Settings\Oliver.FROGGER.000\Desktop\auglanparty\images\IM008242.jpg --> ftp.addr.com directory identifier unavailable IM008242.jpg
2002.08.17 23:46 B C:\Documents and Settings\Oliver.FROGGER.000\Desktop\auglanparty\images\IM008243.jpg --> ftp.addr.com directory identifier unavailable IM008243.jpg
2002.08.17 23:46 B C:\Documents and Settings\Oliver.FROGGER.000\Desktop\auglanparty\images\IM008244.jpg --> ftp.addr.com directory identifier unavailable IM008244.jpg
2002.08.17 23:46 B C:\Documents and Settings\Oliver.FROGGER.000\Desktop\auglanparty\images\IM008245.jpg --> ftp.addr.com directory identifier unavailable IM008245.jpg
2002.08.17 23:46 B C:\Documents and Settings\Oliver.FROGGER.000\Desktop\auglanparty\images\IM008248.jpg --> ftp.addr.com directory identifier unavailable IM008248.jpg
2002.08.17 23:46 B C:\Documents and Settings\Oliver.FROGGER.000\Desktop\auglanparty\images\IM008249.jpg --> ftp.addr.com directory identifier unavailable IM008249.jpg
2002.08.17 23:46 B C:\Documents and Settings\Oliver.FROGGER.000\Desktop\auglanparty\images\IM008250.jpg --> ftp.addr.com directory identifier unavailable IM008250.jpg
2002.08.17 23:46 B C:\Documents and Settings\Oliver.FROGGER.000\Desktop\auglanparty\images\IM008252.jpg --> ftp.addr.com directory identifier unavailable IM008252.jpg
2002.08.17 23:46 B C:\Documents and Settings\Oliver.FROGGER.000\Desktop\auglanparty\images\IM008253.jpg --> ftp.addr.com directory identifier unavailable IM008253.jpg
2002.08.17 23:46 B C:\Documents and Settings\Oliver.FROGGER.000\Desktop\auglanparty\images\IM008254.jpg --> ftp.addr.com directory identifier unavailable IM008254.jpg
2002.08.17 23:46 B C:\Documents and Settings\Oliver.FROGGER.000\Desktop\auglanparty\images\IM008255.jpg --> ftp.addr.com directory identifier unavailable IM008255.jpg
2002.08.17 23:46 B C:\Documents and Settings\Oliver.FROGGER.000\Desktop\auglanparty\images\IM008256.jpg --> ftp.addr.com directory identifier unavailable IM008256.jpg
2002.08.17 23:46 B C:\Documents and Settings\Oliver.FROGGER.000\Desktop\auglanparty\images\IM008257.jpg --> ftp.addr.com directory identifier unavailable IM008257.jpg
2002.08.17 23:46 B C:\Documents and Settings\Oliver.FROGGER.000\Desktop\auglanparty\images\IM008262.jpg --> ftp.addr.com directory identifier unavailable IM008262.jpg
2002.08.17 23:46 B C:\Documents and Settings\Oliver.FROGGER.000\Desktop\auglanparty\images\IM008267.jpg --> ftp.addr.com directory identifier unavailable IM008267.jpg
2002.08.17 23:46 B C:\Documents and Settings\Oliver.FROGGER.000\Desktop\auglanparty\images\IM008268.jpg --> ftp.addr.com directory identifier unavailable IM008268.jpg
2002.08.17 23:46 B C:\Documents and Settings\Oliver.FROGGER.000\Desktop\auglanparty\images\IM008269.jpg --> ftp.addr.com directory identifier unavailable IM008269.jpg
2002.08.17 23:46 B C:\Documents and Settings\Oliver.FROGGER.000\Desktop\auglanparty\images\IM008270.jpg --> ftp.addr.com directory identifier unavailable IM008270.jpg
2002.08.17 23:46 B C:\Documents and Settings\Oliver.FROGGER.000\Desktop\auglanparty\images\IM008271.jpg --> ftp.addr.com directory identifier unavailable IM008271.jpg
2002.08.17 23:46 B C:\Documents and Settings\Oliver.FROGGER.000\Desktop\auglanparty\images\IM008273.jpg --> ftp.addr.com directory identifier unavailable IM008273.jpg
2002.08.17 23:46 B C:\Documents and Settings\Oliver.FROGGER.000\Desktop\auglanparty\images\next.gif --> ftp.addr.com directory identifier unavailable next.gif
2002.08.17 23:46 B C:\Documents and Settings\Oliver.FROGGER.000\Desktop\auglanparty\images\nextimage.gif --> ftp.addr.com directory identifier unavailable nextimage.gif
2002.08.17 23:46 B C:\Documents and Settings\Oliver.FROGGER.000\Desktop\auglanparty\images\previmage.gif --> ftp.addr.com directory identifier unavailable previmage.gif
2002.08.17 23:46 B C:\Documents and Settings\Oliver.FROGGER.000\Desktop\auglanparty\images\previous.gif --> ftp.addr.com directory identifier unavailable previous.gif
2002.08.17 23:46 B C:\Documents and Settings\Oliver.FROGGER.000\Desktop\auglanparty\images\rule.gif --> ftp.addr.com directory identifier unavailable rule.gif
2002.08.17 23:46 B C:\Documents and Settings\Oliver.FROGGER.000\Desktop\auglanparty\images\WS_FTP.LOG --> ftp.addr.com directory identifier unavailable WS_FTP.LOG
