2001.03.08 22:01 A F:\Oliver's StUfF\Websites\OliverWEB\pics\bpa2001\story.htm --> ftp.oliverweb.com /usr13/home/oliverts/public_html/pics/bpa2001 story.htm
2001.03.08 22:01 A F:\Oliver's StUfF\Websites\OliverWEB\pics\bpa2001\index.html --> ftp.oliverweb.com /usr13/home/oliverts/public_html/pics/bpa2001 index.html
2001.03.08 22:01 A F:\Oliver's StUfF\Websites\OliverWEB\pics\bpa2001\page2.html --> ftp.oliverweb.com /usr13/home/oliverts/public_html/pics/bpa2001 page2.html
2001.03.08 22:01 A F:\Oliver's StUfF\Websites\OliverWEB\pics\bpa2001\page3.html --> ftp.oliverweb.com /usr13/home/oliverts/public_html/pics/bpa2001 page3.html
2001.03.08 22:01 A F:\Oliver's StUfF\Websites\OliverWEB\pics\bpa2001\page4.html --> ftp.oliverweb.com /usr13/home/oliverts/public_html/pics/bpa2001 page4.html
2001.03.08 22:01 B F:\Oliver's StUfF\Websites\OliverWEB\pics\bpa2001\4guys.jpg --> ftp.oliverweb.com /usr13/home/oliverts/public_html/pics/bpa2001 4guys.jpg
2001.03.08 22:01 B F:\Oliver's StUfF\Websites\OliverWEB\pics\bpa2001\chadvan.jpg --> ftp.oliverweb.com /usr13/home/oliverts/public_html/pics/bpa2001 chadvan.jpg
2001.03.08 22:01 B F:\Oliver's StUfF\Websites\OliverWEB\pics\bpa2001\chihuahua.jpg --> ftp.oliverweb.com /usr13/home/oliverts/public_html/pics/bpa2001 chihuahua.jpg
2001.03.08 22:01 B F:\Oliver's StUfF\Websites\OliverWEB\pics\bpa2001\earphones.jpg --> ftp.oliverweb.com /usr13/home/oliverts/public_html/pics/bpa2001 earphones.jpg
2001.03.08 22:01 B F:\Oliver's StUfF\Websites\OliverWEB\pics\bpa2001\fight.jpg --> ftp.oliverweb.com /usr13/home/oliverts/public_html/pics/bpa2001 fight.jpg
2001.03.08 22:01 B F:\Oliver's StUfF\Websites\OliverWEB\pics\bpa2001\oliversleep.jpg --> ftp.oliverweb.com /usr13/home/oliverts/public_html/pics/bpa2001 oliversleep.jpg
2001.03.08 22:01 B F:\Oliver's StUfF\Websites\OliverWEB\pics\bpa2001\pantshead.jpg --> ftp.oliverweb.com /usr13/home/oliverts/public_html/pics/bpa2001 pantshead.jpg
2001.03.08 22:02 B F:\Oliver's StUfF\Websites\OliverWEB\pics\bpa2001\room.jpg --> ftp.oliverweb.com /usr13/home/oliverts/public_html/pics/bpa2001 room.jpg
2001.03.08 22:02 B F:\Oliver's StUfF\Websites\OliverWEB\pics\bpa2001\slogan.jpg --> ftp.oliverweb.com /usr13/home/oliverts/public_html/pics/bpa2001 slogan.jpg
2001.03.08 22:02 B F:\Oliver's StUfF\Websites\OliverWEB\pics\bpa2001\testearphones.jpg --> ftp.oliverweb.com /usr13/home/oliverts/public_html/pics/bpa2001 testearphones.jpg
2001.03.08 22:02 B F:\Oliver's StUfF\Websites\OliverWEB\pics\bpa2001\tile.jpg --> ftp.oliverweb.com /usr13/home/oliverts/public_html/pics/bpa2001 tile.jpg
2001.03.08 22:02 B F:\Oliver's StUfF\Websites\OliverWEB\pics\bpa2001\vanchadtired.jpg --> ftp.oliverweb.com /usr13/home/oliverts/public_html/pics/bpa2001 vanchadtired.jpg
2001.03.08 22:02 B F:\Oliver's StUfF\Websites\OliverWEB\pics\bpa2001\vanhitchad.jpg --> ftp.oliverweb.com /usr13/home/oliverts/public_html/pics/bpa2001 vanhitchad.jpg
2001.03.08 22:02 B F:\Oliver's StUfF\Websites\OliverWEB\pics\bpa2001\vanhitchad2.jpg --> ftp.oliverweb.com /usr13/home/oliverts/public_html/pics/bpa2001 vanhitchad2.jpg
2001.03.08 22:02 B F:\Oliver's StUfF\Websites\OliverWEB\pics\bpa2001\vansleep.jpg --> ftp.oliverweb.com /usr13/home/oliverts/public_html/pics/bpa2001 vansleep.jpg
2001.03.08 22:03 A F:\Oliver's StUfF\Websites\OliverWEB\pics\bpa2001\index.html --> ftp.oliverweb.com /usr13/home/oliverts/public_html/pics/bpa2001 index.html
2001.03.08 22:03 A F:\Oliver's StUfF\Websites\OliverWEB\pics\bpa2001\page2.html --> ftp.oliverweb.com /usr13/home/oliverts/public_html/pics/bpa2001 page2.html
2001.03.08 22:03 A F:\Oliver's StUfF\Websites\OliverWEB\pics\bpa2001\page3.html --> ftp.oliverweb.com /usr13/home/oliverts/public_html/pics/bpa2001 page3.html
2001.03.08 22:03 A F:\Oliver's StUfF\Websites\OliverWEB\pics\bpa2001\page4.html --> ftp.oliverweb.com /usr13/home/oliverts/public_html/pics/bpa2001 page4.html
2001.03.08 22:04 B F:\Oliver's StUfF\Websites\OliverWEB\pics\bpa2001\WP511F.gif --> ftp.oliverweb.com /usr13/home/oliverts/public_html/pics/bpa2001 WP511F.gif
2001.03.08 22:05 A F:\Oliver's StUfF\Websites\OliverWEB\pics\bpa2001\index.html --> ftp.oliverweb.com /usr13/home/oliverts/public_html/pics/bpa2001 index.html
2001.03.08 22:05 A F:\Oliver's StUfF\Websites\OliverWEB\pics\bpa2001\page2.html --> ftp.oliverweb.com /usr13/home/oliverts/public_html/pics/bpa2001 page2.html
2001.03.08 22:05 A F:\Oliver's StUfF\Websites\OliverWEB\pics\bpa2001\page3.html --> ftp.oliverweb.com /usr13/home/oliverts/public_html/pics/bpa2001 page3.html
2001.03.08 22:05 A F:\Oliver's StUfF\Websites\OliverWEB\pics\bpa2001\page4.html --> ftp.oliverweb.com /usr13/home/oliverts/public_html/pics/bpa2001 page4.html
2001.03.08 22:07 A F:\Oliver's StUfF\Websites\OliverWEB\pics\bpa2001\index.html --> ftp.oliverweb.com /usr13/home/oliverts/public_html/pics/bpa2001 index.html
2001.03.08 22:07 A F:\Oliver's StUfF\Websites\OliverWEB\pics\bpa2001\page2.html --> ftp.oliverweb.com /usr13/home/oliverts/public_html/pics/bpa2001 page2.html
2001.03.08 22:07 A F:\Oliver's StUfF\Websites\OliverWEB\pics\bpa2001\page3.html --> ftp.oliverweb.com /usr13/home/oliverts/public_html/pics/bpa2001 page3.html
2001.03.08 22:07 A F:\Oliver's StUfF\Websites\OliverWEB\pics\bpa2001\page4.html --> ftp.oliverweb.com /usr13/home/oliverts/public_html/pics/bpa2001 page4.html
2001.03.08 22:08 B F:\Oliver's StUfF\Websites\OliverWEB\pics\bpa2001\c.gif --> ftp.oliverweb.com /usr13/home/oliverts/public_html/pics/bpa2001 c.gif
2001.03.08 22:08 A F:\Oliver's StUfF\Websites\OliverWEB\pics\bpa2001\index.html --> ftp.oliverweb.com /usr13/home/oliverts/public_html/pics/bpa2001 index.html
2001.03.08 22:12 A F:\Oliver's StUfF\Websites\OliverWEB\pics\bpa2001\index.html --> ftp.oliverweb.com /usr13/home/oliverts/public_html/pics/bpa2001 index.html
2001.03.09 11:00 A F:\Oliver's StUfF\Websites\OliverWEB\pics\bpa2001\page2.html --> ftp.oliverweb.com /usr13/home/oliverts/public_html/pics/bpa2001 page2.html
