99.05.30 14:52 B C:\windows\desktop\bored\back.jpg --> ftp-www.earthlink.net /webdocs/bored back.jpg
99.05.30 14:53 B C:\windows\desktop\bored\enter.jpg --> ftp-www.earthlink.net /webdocs/bored enter.jpg
99.05.30 14:53 B C:\windows\desktop\bored\globe.gif --> ftp-www.earthlink.net /webdocs/bored globe.gif
99.05.30 14:53 B C:\windows\desktop\bored\globe.jpg --> ftp-www.earthlink.net /webdocs/bored globe.jpg
99.05.30 14:53 B C:\windows\desktop\bored\grace.jpg --> ftp-www.earthlink.net /webdocs/bored grace.jpg
99.05.30 14:53 B C:\windows\desktop\bored\gracefake.jpg --> ftp-www.earthlink.net /webdocs/bored gracefake.jpg
99.05.30 14:53 B C:\windows\desktop\bored\i.jpg --> ftp-www.earthlink.net /webdocs/bored i.jpg
99.05.30 14:53 A C:\windows\desktop\bored\index.html --> ftp-www.earthlink.net /webdocs/bored index.html
99.05.30 14:53 B C:\windows\desktop\bored\larry.jpg --> ftp-www.earthlink.net /webdocs/bored larry.jpg
99.05.30 14:53 B C:\windows\desktop\bored\mattcone.jpg --> ftp-www.earthlink.net /webdocs/bored mattcone.jpg
99.05.30 14:53 B C:\windows\desktop\bored\mattreal.jpg --> ftp-www.earthlink.net /webdocs/bored mattreal.jpg
99.05.30 14:53 B C:\windows\desktop\bored\oofake.jpg --> ftp-www.earthlink.net /webdocs/bored oofake.jpg
99.05.30 14:53 A C:\windows\desktop\bored\page1.html --> ftp-www.earthlink.net /webdocs/bored page1.html
99.05.30 14:53 A C:\windows\desktop\bored\page2.html --> ftp-www.earthlink.net /webdocs/bored page2.html
99.05.30 14:53 A C:\windows\desktop\bored\page3.html --> ftp-www.earthlink.net /webdocs/bored page3.html
99.05.30 14:53 A C:\windows\desktop\bored\page4.html --> ftp-www.earthlink.net /webdocs/bored page4.html
99.05.30 14:53 B C:\windows\desktop\bored\refresh.jpg --> ftp-www.earthlink.net /webdocs/bored refresh.jpg
99.05.30 15:38 A C:\windows\desktop\bored\page4.html --> ftp-www.earthlink.net /webdocs/bored page4.html
99.05.30 15:38 A C:\windows\desktop\bored\page5.html --> ftp-www.earthlink.net /webdocs/bored page5.html
99.05.30 15:41 A C:\windows\desktop\bored\page4.html --> ftp-www.earthlink.net /webdocs/bored page4.html
99.05.30 20:24 B C:\windows\desktop\bored\bored\badhairfake.jpg --> ftp-www.earthlink.net /webdocs/bored badhairfake.jpg
99.05.30 20:24 B C:\windows\desktop\bored\bored\beatupfake.jpg --> ftp-www.earthlink.net /webdocs/bored beatupfake.jpg
99.05.30 20:24 A C:\windows\desktop\bored\bored\page5.html --> ftp-www.earthlink.net /webdocs/bored page5.html
99.05.30 20:24 A C:\windows\desktop\bored\bored\page6.html --> ftp-www.earthlink.net /webdocs/bored page6.html
99.05.30 20:28 A C:\windows\desktop\bored\bored\page4.html --> ftp-www.earthlink.net /webdocs/bored page4.html
99.05.30 20:28 A C:\windows\desktop\bored\bored\page4.html --> ftp-www.earthlink.net /webdocs/bored page4.html
99.10.13 17:37 B C:\windows\desktop\oliver's stuff\oweb\bored\back.jpg --> ftp.addr.com /usr/home11/oliverts/public_html/bored back.jpg
99.10.13 17:37 B C:\windows\desktop\oliver's stuff\oweb\bored\badhairfake.jpg --> ftp.addr.com /usr/home11/oliverts/public_html/bored badhairfake.jpg
99.10.13 17:37 B C:\windows\desktop\oliver's stuff\oweb\bored\beatupfake.jpg --> ftp.addr.com /usr/home11/oliverts/public_html/bored beatupfake.jpg
99.10.13 17:37 B C:\windows\desktop\oliver's stuff\oweb\bored\enter.jpg --> ftp.addr.com /usr/home11/oliverts/public_html/bored enter.jpg
99.10.13 17:37 B C:\windows\desktop\oliver's stuff\oweb\bored\globe.gif --> ftp.addr.com /usr/home11/oliverts/public_html/bored globe.gif
99.10.13 17:37 B C:\windows\desktop\oliver's stuff\oweb\bored\globe.jpg --> ftp.addr.com /usr/home11/oliverts/public_html/bored globe.jpg
99.10.13 17:37 B C:\windows\desktop\oliver's stuff\oweb\bored\grace.jpg --> ftp.addr.com /usr/home11/oliverts/public_html/bored grace.jpg
99.10.13 17:37 B C:\windows\desktop\oliver's stuff\oweb\bored\gracefake.jpg --> ftp.addr.com /usr/home11/oliverts/public_html/bored gracefake.jpg
99.10.13 17:38 B C:\windows\desktop\oliver's stuff\oweb\bored\i.jpg --> ftp.addr.com /usr/home11/oliverts/public_html/bored i.jpg
99.10.13 17:38 A C:\windows\desktop\oliver's stuff\oweb\bored\index.html --> ftp.addr.com /usr/home11/oliverts/public_html/bored index.html
99.10.13 17:38 B C:\windows\desktop\oliver's stuff\oweb\bored\larry.jpg --> ftp.addr.com /usr/home11/oliverts/public_html/bored larry.jpg
99.10.13 17:38 B C:\windows\desktop\oliver's stuff\oweb\bored\mattcone.jpg --> ftp.addr.com /usr/home11/oliverts/public_html/bored mattcone.jpg
99.10.13 17:38 B C:\windows\desktop\oliver's stuff\oweb\bored\mattreal.jpg --> ftp.addr.com /usr/home11/oliverts/public_html/bored mattreal.jpg
99.10.13 17:38 B C:\windows\desktop\oliver's stuff\oweb\bored\oofake.jpg --> ftp.addr.com /usr/home11/oliverts/public_html/bored oofake.jpg
99.10.13 17:38 A C:\windows\desktop\oliver's stuff\oweb\bored\page1.html --> ftp.addr.com /usr/home11/oliverts/public_html/bored page1.html
99.10.13 17:38 A C:\windows\desktop\oliver's stuff\oweb\bored\page2.html --> ftp.addr.com /usr/home11/oliverts/public_html/bored page2.html
99.10.13 17:38 A C:\windows\desktop\oliver's stuff\oweb\bored\page3.html --> ftp.addr.com /usr/home11/oliverts/public_html/bored page3.html
99.10.13 17:38 A C:\windows\desktop\oliver's stuff\oweb\bored\page4.html --> ftp.addr.com /usr/home11/oliverts/public_html/bored page4.html
99.10.13 17:38 A C:\windows\desktop\oliver's stuff\oweb\bored\page5.html --> ftp.addr.com /usr/home11/oliverts/public_html/bored page5.html
99.10.13 17:38 A C:\windows\desktop\oliver's stuff\oweb\bored\page6.html --> ftp.addr.com /usr/home11/oliverts/public_html/bored page6.html
99.10.13 17:38 B C:\windows\desktop\oliver's stuff\oweb\bored\refresh.jpg --> ftp.addr.com /usr/home11/oliverts/public_html/bored refresh.jpg
