2000.02.07 22:21 B C:\WINDOWS\Desktop\OliverWEB\ssi\bottom.shtml <-- OliverWEB /usr13/home/oliverts/public_html/ssi bottom.shtml
2000.02.07 22:21 B C:\WINDOWS\Desktop\OliverWEB\ssi\index.htm <-- OliverWEB /usr13/home/oliverts/public_html/ssi index.htm
2000.02.07 22:21 B C:\WINDOWS\Desktop\OliverWEB\ssi\sidebar.shtml <-- OliverWEB /usr13/home/oliverts/public_html/ssi sidebar.shtml
2000.02.07 22:21 B C:\WINDOWS\Desktop\OliverWEB\ssi\top.shtml <-- OliverWEB /usr13/home/oliverts/public_html/ssi top.shtml
2000.05.20 18:36 A C:\WINDOWS\Desktop\Oliver's Stuff\Websites\OliverWEB\ssi\top.shtml --> ftp.oliverweb.com /usr13/home/oliverts/public_html/ssi top.shtml
2000.05.20 18:37 A C:\WINDOWS\Desktop\Oliver's Stuff\Websites\OliverWEB\ssi\top.shtml --> ftp.oliverweb.com /usr13/home/oliverts/public_html/ssi top.shtml
2000.05.20 18:39 A C:\WINDOWS\Desktop\Oliver's Stuff\Websites\OliverWEB\ssi\top.shtml --> ftp.oliverweb.com /usr13/home/oliverts/public_html/ssi top.shtml
2000.05.20 18:41 A C:\WINDOWS\Desktop\Oliver's Stuff\Websites\OliverWEB\ssi\top.shtml --> ftp.oliverweb.com /usr13/home/oliverts/public_html/ssi top.shtml
2000.05.20 18:42 A C:\WINDOWS\Desktop\Oliver's Stuff\Websites\OliverWEB\ssi\top.shtml --> ftp.oliverweb.com /usr13/home/oliverts/public_html/ssi top.shtml
2000.05.20 18:42 A C:\WINDOWS\Desktop\Oliver's Stuff\Websites\OliverWEB\ssi\top.shtml --> ftp.oliverweb.com /usr13/home/oliverts/public_html/ssi top.shtml
2000.05.26 01:12 A C:\WINDOWS\Desktop\Oliver's Stuff\Websites\OliverWEB\ssi\sidebar.shtml --> ftp.oliverweb.com /usr13/home/oliverts/public_html/ssi sidebar.shtml
2000.07.11 23:23 A d:\Oliver's Stuff\Websites\OliverWEB\ssi\sidebar.shtml <-- OliverWEB /usr13/home/oliverts/public_html/ssi sidebar.shtml
2000.07.11 23:23 A d:\Oliver's Stuff\Websites\OliverWEB\ssi\sidebar.shtml --> ftp.oliverweb.com /usr13/home/oliverts/public_html/ssi sidebar.shtml
2000.07.18 23:34 A d:\Oliver's Stuff\Websites\OliverWEB\ssi\friends.shtml --> ftp.oliverweb.com /usr13/home/oliverts/public_html/ssi friends.shtml
2000.07.18 23:35 A d:\Oliver's Stuff\Websites\OliverWEB\ssi\friends.shtml --> ftp.oliverweb.com /usr13/home/oliverts/public_html/ssi friends.shtml
2000.12.30 17:20 A F:\Oliver's StUfF\Websites\OliverWEB\ssi\bottom.shtml --> ftp.oliverweb.com /usr13/home/oliverts/public_html/ssi bottom.shtml
2000.12.30 17:20 A F:\Oliver's StUfF\Websites\OliverWEB\ssi\top.shtml --> ftp.oliverweb.com /usr13/home/oliverts/public_html/ssi top.shtml
2000.12.30 17:26 A F:\Oliver's StUfF\Websites\OliverWEB\ssi\sidebar.shtml --> ftp.oliverweb.com /usr13/home/oliverts/public_html/ssi sidebar.shtml
2000.12.30 17:26 A F:\Oliver's StUfF\Websites\OliverWEB\ssi\sidebar-oweb.shtml --> ftp.oliverweb.com /usr13/home/oliverts/public_html/ssi sidebar-oweb.shtml
2000.12.30 17:27 A F:\Oliver's StUfF\Websites\OliverWEB\ssi\sidebar.shtml --> ftp.oliverweb.com /usr13/home/oliverts/public_html/ssi sidebar.shtml
2000.12.30 17:29 A F:\Oliver's StUfF\Websites\OliverWEB\ssi\top.shtml --> ftp.oliverweb.com /usr13/home/oliverts/public_html/ssi top.shtml
2000.12.30 17:29 A F:\Oliver's StUfF\Websites\OliverWEB\ssi\top.shtml --> ftp.oliverweb.com /usr13/home/oliverts/public_html/ssi top.shtml
2000.12.30 17:30 A F:\Oliver's StUfF\Websites\OliverWEB\ssi\top.shtml --> ftp.oliverweb.com /usr13/home/oliverts/public_html/ssi top.shtml
2000.12.30 17:31 A F:\Oliver's StUfF\Websites\OliverWEB\ssi\top.shtml --> ftp.oliverweb.com /usr13/home/oliverts/public_html/ssi top.shtml
2000.12.31 00:32 A F:\Oliver's StUfF\Websites\OliverWEB\ssi\C:\WINDOWS\Desktop\oweb2001\top.shtml --> ftp.oliverweb.com /usr13/home/oliverts/public_html/ssi top.shtml
2000.12.31 00:34 A F:\Oliver's StUfF\Websites\OliverWEB\ssi\friends.shtml --> ftp.oliverweb.com /usr13/home/oliverts/public_html/ssi friends.shtml
2000.12.31 00:40 A F:\Oliver's StUfF\Websites\OliverWEB\ssi\C:\WINDOWS\Desktop\oweb2001\bottom.shtml --> ftp.oliverweb.com /usr13/home/oliverts/public_html/ssi bottom.shtml
2000.12.31 12:41 A F:\Oliver's StUfF\Websites\OliverWEB\ssi\top.shtml --> ftp.oliverweb.com /usr13/home/oliverts/public_html/ssi top.shtml
2000.12.31 13:36 A F:\Oliver's StUfF\Websites\OliverWEB\ssi\bottom-oweb.shtml --> ftp.oliverweb.com /usr13/home/oliverts/public_html/ssi bottom-oweb.shtml
2000.12.31 13:37 A F:\Oliver's StUfF\Websites\OliverWEB\ssi\sidebar.shtml --> ftp.oliverweb.com /usr13/home/oliverts/public_html/ssi sidebar.shtml
2000.12.31 13:37 A F:\Oliver's StUfF\Websites\OliverWEB\ssi\sidebar.shtml --> ftp.oliverweb.com /usr13/home/oliverts/public_html/ssi sidebar.shtml
2001.01.06 14:59 A F:\Oliver's StUfF\Websites\OliverWEB\ssi\top.shtml --> ftp.oliverweb.com /usr13/home/oliverts/public_html/ssi top.shtml
2001.01.06 15:00 A F:\Oliver's StUfF\Websites\OliverWEB\ssi\top.shtml --> ftp.oliverweb.com /usr13/home/oliverts/public_html/ssi top.shtml
2001.01.06 15:04 A F:\Oliver's StUfF\Websites\OliverWEB\ssi\top.shtml --> ftp.oliverweb.com /usr13/home/oliverts/public_html/ssi top.shtml
2001.01.06 15:04 A F:\Oliver's StUfF\Websites\OliverWEB\ssi\top.shtml --> ftp.oliverweb.com /usr13/home/oliverts/public_html/ssi top.shtml
2001.01.07 00:07 A F:\Oliver's StUfF\Websites\OliverWEB\ssi\top.shtml --> ftp.oliverweb.com /usr13/home/oliverts/public_html/ssi top.shtml
2001.01.28 22:28 A F:\Oliver's StUfF\Websites\OliverWEB\ssi\bottom.shtml --> ftp.oliverweb.com /usr13/home/oliverts/public_html/ssi bottom.shtml
2001.01.28 22:28 A F:\Oliver's StUfF\Websites\OliverWEB\ssi\top.shtml --> ftp.oliverweb.com /usr13/home/oliverts/public_html/ssi top.shtml
2001.01.28 22:34 A F:\Oliver's StUfF\Websites\OliverWEB\ssi\error.shtml --> ftp.oliverweb.com /usr13/home/oliverts/public_html/ssi error.shtml
2001.01.28 22:35 A F:\Oliver's StUfF\Websites\OliverWEB\ssi\bottom.shtml --> ftp.oliverweb.com /usr13/home/oliverts/public_html/ssi bottom.shtml
2001.01.28 22:39 A F:\Oliver's StUfF\Websites\OliverWEB\ssi\bottom.shtml --> ftp.oliverweb.com /usr13/home/oliverts/public_html/ssi bottom.shtml
2001.01.28 22:39 A F:\Oliver's StUfF\Websites\OliverWEB\ssi\top.shtml --> ftp.oliverweb.com /usr13/home/oliverts/public_html/ssi top.shtml
2001.01.28 22:46 A F:\Oliver's StUfF\Websites\OliverWEB\ssi\bottom.shtml --> ftp.oliverweb.com /usr13/home/oliverts/public_html/ssi bottom.shtml
2001.01.28 22:46 A F:\Oliver's StUfF\Websites\OliverWEB\ssi\top.shtml --> ftp.oliverweb.com /usr13/home/oliverts/public_html/ssi top.shtml
2001.01.28 22:48 A F:\Oliver's StUfF\Websites\OliverWEB\ssi\top.shtml --> ftp.oliverweb.com /usr13/home/oliverts/public_html/ssi top.shtml
2001.01.28 22:52 A F:\Oliver's StUfF\Websites\OliverWEB\ssi\top.shtml --> ftp.oliverweb.com /usr13/home/oliverts/public_html/ssi top.shtml
2001.01.28 22:56 A F:\Oliver's StUfF\Websites\OliverWEB\ssi\top.shtml --> ftp.oliverweb.com /usr13/home/oliverts/public_html/ssi top.shtml
2001.01.28 22:57 A F:\Oliver's StUfF\Websites\OliverWEB\ssi\bottom.shtml --> ftp.oliverweb.com /usr13/home/oliverts/public_html/ssi bottom.shtml
2001.01.28 22:57 A F:\Oliver's StUfF\Websites\OliverWEB\ssi\top.shtml --> ftp.oliverweb.com /usr13/home/oliverts/public_html/ssi top.shtml
2001.01.30 19:36 A F:\Oliver's StUfF\Websites\OliverWEB\ssi\error.shtml --> ftp.oliverweb.com /usr13/home/oliverts/public_html/ssi error.shtml
2001.10.02 22:52 A C:\Documents and Settings\Oliver\Desktop\Oliver's StUfF\Websites\OliverWEB\ssi\bottom-oweb.shtml --> ftp.addr.com /usr13/home/oliverts/public_html/ssi bottom-oweb.shtml
2001.10.02 22:52 B C:\Documents and Settings\Oliver\Desktop\Oliver's StUfF\Websites\OliverWEB\ssi\bottom.bak --> ftp.addr.com /usr13/home/oliverts/public_html/ssi bottom.bak
2001.10.02 22:52 A C:\Documents and Settings\Oliver\Desktop\Oliver's StUfF\Websites\OliverWEB\ssi\bottom.shtml --> ftp.addr.com /usr13/home/oliverts/public_html/ssi bottom.shtml
2001.10.02 22:52 A C:\Documents and Settings\Oliver\Desktop\Oliver's StUfF\Websites\OliverWEB\ssi\bottomold.shtml --> ftp.addr.com /usr13/home/oliverts/public_html/ssi bottomold.shtml
2001.10.02 22:52 B C:\Documents and Settings\Oliver\Desktop\Oliver's StUfF\Websites\OliverWEB\ssi\error.bak --> ftp.addr.com /usr13/home/oliverts/public_html/ssi error.bak
2001.10.02 22:52 A C:\Documents and Settings\Oliver\Desktop\Oliver's StUfF\Websites\OliverWEB\ssi\error.shtml --> ftp.addr.com /usr13/home/oliverts/public_html/ssi error.shtml
2001.10.02 22:52 A C:\Documents and Settings\Oliver\Desktop\Oliver's StUfF\Websites\OliverWEB\ssi\friends.shtml --> ftp.addr.com /usr13/home/oliverts/public_html/ssi friends.shtml
2001.10.02 22:52 A C:\Documents and Settings\Oliver\Desktop\Oliver's StUfF\Websites\OliverWEB\ssi\index.htm --> ftp.addr.com /usr13/home/oliverts/public_html/ssi index.htm
2001.10.02 22:52 A C:\Documents and Settings\Oliver\Desktop\Oliver's StUfF\Websites\OliverWEB\ssi\sidebar-oweb.shtml --> ftp.addr.com /usr13/home/oliverts/public_html/ssi sidebar-oweb.shtml
2001.10.02 22:52 A C:\Documents and Settings\Oliver\Desktop\Oliver's StUfF\Websites\OliverWEB\ssi\sidebar.shtml --> ftp.addr.com /usr13/home/oliverts/public_html/ssi sidebar.shtml
2001.10.02 22:52 A C:\Documents and Settings\Oliver\Desktop\Oliver's StUfF\Websites\OliverWEB\ssi\top-oweb.shtml --> ftp.addr.com /usr13/home/oliverts/public_html/ssi top-oweb.shtml
2001.10.02 22:52 B C:\Documents and Settings\Oliver\Desktop\Oliver's StUfF\Websites\OliverWEB\ssi\top.bak --> ftp.addr.com /usr13/home/oliverts/public_html/ssi top.bak
2001.10.02 22:52 A C:\Documents and Settings\Oliver\Desktop\Oliver's StUfF\Websites\OliverWEB\ssi\top.shtml --> ftp.addr.com /usr13/home/oliverts/public_html/ssi top.shtml
2001.10.02 22:52 A C:\Documents and Settings\Oliver\Desktop\Oliver's StUfF\Websites\OliverWEB\ssi\topold.shtml --> ftp.addr.com /usr13/home/oliverts/public_html/ssi topold.shtml
